#
# There is insufficient memory for the Java Runtime Environment to continue.
# Native memory allocation (malloc) failed to allocate 2424240 bytes for Chunk::new
# Possible reasons:
#   The system is out of physical RAM or swap space
#   The process is running with CompressedOops enabled, and the Java Heap may be blocking the growth of the native heap
# Possible solutions:
#   Reduce memory load on the system
#   Increase physical memory or swap space
#   Check if swap backing store is full
#   Decrease Java heap size (-Xmx/-Xms)
#   Decrease number of Java threads
#   Decrease Java thread stack sizes (-Xss)
#   Set larger code cache with -XX:ReservedCodeCacheSize=
#   JVM is running with Unscaled Compressed Oops mode in which the Java heap is
#     placed in the first 4GB address space. The Java Heap base address is the
#     maximum limit for the native heap growth. Please use -XX:HeapBaseMinAddress
#     to set the Java Heap base and to place the Java Heap above 4GB virtual address.
# This output file may be truncated or incomplete.
#
#  Out of Memory Error (arena.cpp:189), pid=14476, tid=15200
#
# JRE version: Java(TM) SE Runtime Environment (17.0.5+9) (build 17.0.5+9-LTS-191)
# Java VM: Java HotSpot(TM) 64-Bit Server VM (17.0.5+9-LTS-191, mixed mode, sharing, tiered, compressed oops, compressed class ptrs, g1 gc, windows-amd64)
# No core dump will be written. Minidumps are not enabled by default on client versions of Windows
#

---------------  S U M M A R Y ------------

Command Line: C:\Users\henei\AppData\Local\Temp\surefire10159847719559379089\surefirebooter-20241204142809267_3.jar C:\Users\henei\AppData\Local\Temp\surefire10159847719559379089 2024-12-04T14-28-07_478-jvmRun1 surefire-20241204142809267_1tmp surefire_0-20241204142809267_2tmp

Host: AMD Ryzen 3 5300U with Radeon Graphics         , 8 cores, 7G,  Windows 11 , 64 bit Build 22621 (10.0.22621.4391)
Time: Wed Dec  4 14:29:20 2024 FLE Standard Time elapsed time: 69.672083 seconds (0d 0h 1m 9s)

---------------  T H R E A D  ---------------

Current thread (0x000002167eeabff0):  JavaThread "C2 CompilerThread1" daemon [_thread_in_native, id=15200, stack(0x000000fb4b600000,0x000000fb4b700000)]


Current CompileTask:
C2:  69672 8231   !   4       org.aspectj.weaver.World::resolve (354 bytes)

Stack: [0x000000fb4b600000,0x000000fb4b700000]
Native frames: (J=compiled Java code, j=interpreted, Vv=VM code, C=native code)
V  [jvm.dll+0x672eea]
V  [jvm.dll+0x7d2a04]
V  [jvm.dll+0x7d41ae]
V  [jvm.dll+0x7d4813]
V  [jvm.dll+0x242c15]
V  [jvm.dll+0xaa57b]
V  [jvm.dll+0xaab0c]
V  [jvm.dll+0x35ff97]
V  [jvm.dll+0x32a631]
V  [jvm.dll+0x329ada]
V  [jvm.dll+0x215cc1]
V  [jvm.dll+0x2150e1]
V  [jvm.dll+0x1a18ed]
V  [jvm.dll+0x22493a]
V  [jvm.dll+0x222aa5]
V  [jvm.dll+0x7885db]
V  [jvm.dll+0x782b4a]
V  [jvm.dll+0x671d75]
C  [ucrtbase.dll+0x29333]
C  [KERNEL32.DLL+0x1259d]
C  [ntdll.dll+0x5af38]


---------------  P R O C E S S  ---------------

Threads class SMR info:
_java_thread_list=0x0000021613f9e030, length=18, elements={
0x0000021672342860, 0x000002167ee98bc0, 0x000002167ee99a10, 0x000002167eeb4720,
0x000002167eeb6ff0, 0x000002167eeb78b0, 0x000002167eeb8170, 0x000002167eea9260,
0x000002167eea8d50, 0x00000216110a5580, 0x0000021611166d90, 0x000002161116c460,
0x00000216112ccb10, 0x000002161146e690, 0x0000021612a9d170, 0x000002167eeabff0,
0x0000021612a9f320, 0x0000021612a9db10
}

Java Threads: ( => current thread )
  0x0000021672342860 JavaThread "main" [_thread_in_Java, id=26888, stack(0x000000fb49600000,0x000000fb49700000)]
  0x000002167ee98bc0 JavaThread "Reference Handler" daemon [_thread_blocked, id=25208, stack(0x000000fb49e00000,0x000000fb49f00000)]
  0x000002167ee99a10 JavaThread "Finalizer" daemon [_thread_blocked, id=8472, stack(0x000000fb49f00000,0x000000fb4a000000)]
  0x000002167eeb4720 JavaThread "Signal Dispatcher" daemon [_thread_blocked, id=5836, stack(0x000000fb4a000000,0x000000fb4a100000)]
  0x000002167eeb6ff0 JavaThread "Attach Listener" daemon [_thread_blocked, id=20044, stack(0x000000fb4a100000,0x000000fb4a200000)]
  0x000002167eeb78b0 JavaThread "Service Thread" daemon [_thread_blocked, id=28096, stack(0x000000fb4a200000,0x000000fb4a300000)]
  0x000002167eeb8170 JavaThread "Monitor Deflation Thread" daemon [_thread_blocked, id=29804, stack(0x000000fb4a300000,0x000000fb4a400000)]
  0x000002167eea9260 JavaThread "C2 CompilerThread0" daemon [_thread_in_native, id=21396, stack(0x000000fb4a400000,0x000000fb4a500000)]
  0x000002167eea8d50 JavaThread "C1 CompilerThread0" daemon [_thread_blocked, id=30336, stack(0x000000fb4a500000,0x000000fb4a600000)]
  0x00000216110a5580 JavaThread "Sweeper thread" daemon [_thread_blocked, id=30564, stack(0x000000fb4a600000,0x000000fb4a700000)]
  0x0000021611166d90 JavaThread "Notification Thread" daemon [_thread_blocked, id=29908, stack(0x000000fb4a700000,0x000000fb4a800000)]
  0x000002161116c460 JavaThread "Common-Cleaner" daemon [_thread_blocked, id=29560, stack(0x000000fb4a900000,0x000000fb4aa00000)]
  0x00000216112ccb10 JavaThread "surefire-forkedjvm-stream-flusher" daemon [_thread_blocked, id=16092, stack(0x000000fb4aa00000,0x000000fb4ab00000)]
  0x000002161146e690 JavaThread "surefire-forkedjvm-command-thread" daemon [_thread_in_native, id=17848, stack(0x000000fb4ab00000,0x000000fb4ac00000)]
  0x0000021612a9d170 JavaThread "HikariPool-1 housekeeper" daemon [_thread_blocked, id=20144, stack(0x000000fb4b400000,0x000000fb4b500000)]
=>0x000002167eeabff0 JavaThread "C2 CompilerThread1" daemon [_thread_in_native, id=15200, stack(0x000000fb4b600000,0x000000fb4b700000)]
  0x0000021612a9f320 JavaThread "HikariPool-2 housekeeper" daemon [_thread_blocked, id=12216, stack(0x000000fb4b900000,0x000000fb4ba00000)]
  0x0000021612a9db10 JavaThread "HikariPool-2 connection adder" daemon [_thread_blocked, id=17240, stack(0x000000fb4ba00000,0x000000fb4bb00000)]

Other Threads:
  0x000002167ee8e320 VMThread "VM Thread" [stack: 0x000000fb49d00000,0x000000fb49e00000] [id=29516]
  0x000002161116a7a0 WatcherThread [stack: 0x000000fb4a800000,0x000000fb4a900000] [id=30492]
  0x0000021672397a30 GCTaskThread "GC Thread#0" [stack: 0x000000fb49800000,0x000000fb49900000] [id=25380]
  0x0000021612215510 GCTaskThread "GC Thread#1" [stack: 0x000000fb4ac00000,0x000000fb4ad00000] [id=9220]
  0x000002161194b850 GCTaskThread "GC Thread#2" [stack: 0x000000fb4ad00000,0x000000fb4ae00000] [id=8540]
  0x0000021612005050 GCTaskThread "GC Thread#3" [stack: 0x000000fb4ae00000,0x000000fb4af00000] [id=30500]
  0x0000021612005300 GCTaskThread "GC Thread#4" [stack: 0x000000fb4af00000,0x000000fb4b000000] [id=28424]
  0x0000021612008760 GCTaskThread "GC Thread#5" [stack: 0x000000fb4b000000,0x000000fb4b100000] [id=9008]
  0x0000021612008a10 GCTaskThread "GC Thread#6" [stack: 0x000000fb4b100000,0x000000fb4b200000] [id=27956]
  0x00000216122e7f20 GCTaskThread "GC Thread#7" [stack: 0x000000fb4b300000,0x000000fb4b400000] [id=29844]
  0x00000216723a73f0 ConcurrentGCThread "G1 Main Marker" [stack: 0x000000fb49900000,0x000000fb49a00000] [id=30176]
  0x00000216723a7e00 ConcurrentGCThread "G1 Conc#0" [stack: 0x000000fb49a00000,0x000000fb49b00000] [id=3988]
  0x00000216122e5190 ConcurrentGCThread "G1 Conc#1" [stack: 0x000000fb4b500000,0x000000fb4b600000] [id=9776]
  0x00000216723dd7d0 ConcurrentGCThread "G1 Refine#0" [stack: 0x000000fb49b00000,0x000000fb49c00000] [id=28528]
  0x00000216120077e0 ConcurrentGCThread "G1 Refine#1" [stack: 0x000000fb4b200000,0x000000fb4b300000] [id=8124]
  0x00000216723de1f0 ConcurrentGCThread "G1 Service" [stack: 0x000000fb49c00000,0x000000fb49d00000] [id=15616]

Threads with active compile tasks:
C2 CompilerThread0    69725 7617   !   4       org.springframework.aop.aspectj.AspectJExpressionPointcut::getShadowMatch (292 bytes)
C1 CompilerThread0    69725 8278   !   2       org.springframework.beans.factory.support.ConstructorResolver::instantiate (46 bytes)
C2 CompilerThread1    69725 8231   !   4       org.aspectj.weaver.World::resolve (354 bytes)

VM state: not at safepoint (normal execution)

VM Mutex/Monitor currently owned by a thread: None

Heap address: 0x000000008ac00000, size: 1876 MB, Compressed Oops mode: 32-bit

CDS archive(s) mapped at: [0x0000000800000000-0x0000000800bd0000-0x0000000800bd0000), size 12386304, SharedBaseAddress: 0x0000000800000000, ArchiveRelocationMode: 0.
Compressed class space mapped at: 0x0000000800c00000-0x0000000840c00000, reserved size: 1073741824
Narrow klass base: 0x0000000800000000, Narrow klass shift: 0, Narrow klass range: 0x100000000

GC Precious Log:
 CPUs: 8 total, 8 available
 Memory: 7502M
 Large Page Support: Disabled
 NUMA Support: Disabled
 Compressed Oops: Enabled (32-bit)
 Heap Region Size: 1M
 Heap Min Capacity: 8M
 Heap Initial Capacity: 118M
 Heap Max Capacity: 1876M
 Pre-touch: Disabled
 Parallel Workers: 8
 Concurrent Workers: 2
 Concurrent Refinement Workers: 8
 Periodic GC: Disabled

Heap:
 garbage-first heap   total 165888K, used 59118K [0x000000008ac00000, 0x0000000100000000)
  region size 1024K, 14 young (14336K), 2 survivors (2048K)
 Metaspace       used 82743K, committed 83328K, reserved 1122304K
  class space    used 11383K, committed 11648K, reserved 1048576K

Heap Regions: E=young(eden), S=young(survivor), O=old, HS=humongous(starts), HC=humongous(continues), CS=collection set, F=free, OA=open archive, CA=closed archive, TAMS=top-at-mark-start (previous, next)
|   0|0x000000008ac00000, 0x000000008ad00000, 0x000000008ad00000|100%|HS|  |TAMS 0x000000008ad00000, 0x000000008ac00000| Complete 
|   1|0x000000008ad00000, 0x000000008ae00000, 0x000000008ae00000|100%| O|  |TAMS 0x000000008ae00000, 0x000000008ad00000| Untracked 
|   2|0x000000008ae00000, 0x000000008af00000, 0x000000008af00000|100%| O|  |TAMS 0x000000008af00000, 0x000000008ae00000| Untracked 
|   3|0x000000008af00000, 0x000000008b000000, 0x000000008b000000|100%| O|  |TAMS 0x000000008b000000, 0x000000008af00000| Untracked 
|   4|0x000000008b000000, 0x000000008b100000, 0x000000008b100000|100%| O|  |TAMS 0x000000008b100000, 0x000000008b000000| Untracked 
|   5|0x000000008b100000, 0x000000008b200000, 0x000000008b200000|100%| O|  |TAMS 0x000000008b200000, 0x000000008b100000| Untracked 
|   6|0x000000008b200000, 0x000000008b300000, 0x000000008b300000|100%| O|  |TAMS 0x000000008b300000, 0x000000008b200000| Untracked 
|   7|0x000000008b300000, 0x000000008b400000, 0x000000008b400000|100%| O|  |TAMS 0x000000008b400000, 0x000000008b300000| Untracked 
|   8|0x000000008b400000, 0x000000008b400000, 0x000000008b500000|  0%| F|  |TAMS 0x000000008b400000, 0x000000008b400000| Untracked 
|   9|0x000000008b500000, 0x000000008b600000, 0x000000008b600000|100%| O|  |TAMS 0x000000008b600000, 0x000000008b500000| Untracked 
|  10|0x000000008b600000, 0x000000008b700000, 0x000000008b700000|100%| O|  |TAMS 0x000000008b700000, 0x000000008b600000| Untracked 
|  11|0x000000008b700000, 0x000000008b800000, 0x000000008b800000|100%| O|  |TAMS 0x000000008b800000, 0x000000008b700000| Untracked 
|  12|0x000000008b800000, 0x000000008b800000, 0x000000008b900000|  0%| F|  |TAMS 0x000000008b800000, 0x000000008b800000| Untracked 
|  13|0x000000008b900000, 0x000000008ba00000, 0x000000008ba00000|100%| O|  |TAMS 0x000000008ba00000, 0x000000008b900000| Untracked 
|  14|0x000000008ba00000, 0x000000008bb00000, 0x000000008bb00000|100%| O|  |TAMS 0x000000008bb00000, 0x000000008ba00000| Untracked 
|  15|0x000000008bb00000, 0x000000008bc00000, 0x000000008bc00000|100%| O|  |TAMS 0x000000008bc00000, 0x000000008bb00000| Untracked 
|  16|0x000000008bc00000, 0x000000008bd00000, 0x000000008bd00000|100%| O|  |TAMS 0x000000008bd00000, 0x000000008bc00000| Untracked 
|  17|0x000000008bd00000, 0x000000008be00000, 0x000000008be00000|100%| O|  |TAMS 0x000000008bd00000, 0x000000008bd00000| Untracked 
|  18|0x000000008be00000, 0x000000008bf00000, 0x000000008bf00000|100%| O|  |TAMS 0x000000008bf00000, 0x000000008be00000| Untracked 
|  19|0x000000008bf00000, 0x000000008c000000, 0x000000008c000000|100%| O|  |TAMS 0x000000008c000000, 0x000000008bf00000| Untracked 
|  20|0x000000008c000000, 0x000000008c100000, 0x000000008c100000|100%| O|  |TAMS 0x000000008c100000, 0x000000008c000000| Untracked 
|  21|0x000000008c100000, 0x000000008c200000, 0x000000008c200000|100%| O|  |TAMS 0x000000008c200000, 0x000000008c100000| Untracked 
|  22|0x000000008c200000, 0x000000008c200000, 0x000000008c300000|  0%| F|  |TAMS 0x000000008c200000, 0x000000008c200000| Untracked 
|  23|0x000000008c300000, 0x000000008c400000, 0x000000008c400000|100%| O|  |TAMS 0x000000008c400000, 0x000000008c300000| Untracked 
|  24|0x000000008c400000, 0x000000008c500000, 0x000000008c500000|100%| O|  |TAMS 0x000000008c500000, 0x000000008c400000| Untracked 
|  25|0x000000008c500000, 0x000000008c600000, 0x000000008c600000|100%| O|  |TAMS 0x000000008c600000, 0x000000008c500000| Untracked 
|  26|0x000000008c600000, 0x000000008c700000, 0x000000008c700000|100%| O|  |TAMS 0x000000008c700000, 0x000000008c600000| Untracked 
|  27|0x000000008c700000, 0x000000008c800000, 0x000000008c800000|100%| O|  |TAMS 0x000000008c800000, 0x000000008c700000| Untracked 
|  28|0x000000008c800000, 0x000000008c900000, 0x000000008c900000|100%| O|  |TAMS 0x000000008c900000, 0x000000008c800000| Untracked 
|  29|0x000000008c900000, 0x000000008ca00000, 0x000000008ca00000|100%| O|  |TAMS 0x000000008ca00000, 0x000000008c900000| Untracked 
|  30|0x000000008ca00000, 0x000000008cb00000, 0x000000008cb00000|100%| O|  |TAMS 0x000000008cb00000, 0x000000008ca00000| Untracked 
|  31|0x000000008cb00000, 0x000000008cc00000, 0x000000008cc00000|100%| O|  |TAMS 0x000000008cc00000, 0x000000008cb00000| Untracked 
|  32|0x000000008cc00000, 0x000000008cd00000, 0x000000008cd00000|100%| O|  |TAMS 0x000000008cd00000, 0x000000008cc00000| Untracked 
|  33|0x000000008cd00000, 0x000000008ce00000, 0x000000008ce00000|100%| O|  |TAMS 0x000000008ce00000, 0x000000008cd00000| Untracked 
|  34|0x000000008ce00000, 0x000000008cf00000, 0x000000008cf00000|100%| O|  |TAMS 0x000000008cf00000, 0x000000008ce00000| Untracked 
|  35|0x000000008cf00000, 0x000000008d000000, 0x000000008d000000|100%| O|  |TAMS 0x000000008d000000, 0x000000008cf00000| Untracked 
|  36|0x000000008d000000, 0x000000008d100000, 0x000000008d100000|100%| O|  |TAMS 0x000000008d100000, 0x000000008d000000| Untracked 
|  37|0x000000008d100000, 0x000000008d200000, 0x000000008d200000|100%| O|  |TAMS 0x000000008d200000, 0x000000008d100000| Untracked 
|  38|0x000000008d200000, 0x000000008d300000, 0x000000008d300000|100%| O|  |TAMS 0x000000008d300000, 0x000000008d200000| Untracked 
|  39|0x000000008d300000, 0x000000008d400000, 0x000000008d400000|100%| O|  |TAMS 0x000000008d400000, 0x000000008d300000| Untracked 
|  40|0x000000008d400000, 0x000000008d500000, 0x000000008d500000|100%| O|  |TAMS 0x000000008d500000, 0x000000008d400000| Untracked 
|  41|0x000000008d500000, 0x000000008d500000, 0x000000008d600000|  0%| F|  |TAMS 0x000000008d500000, 0x000000008d500000| Untracked 
|  42|0x000000008d600000, 0x000000008d700000, 0x000000008d700000|100%| O|  |TAMS 0x000000008d700000, 0x000000008d600000| Untracked 
|  43|0x000000008d700000, 0x000000008d800000, 0x000000008d800000|100%| O|  |TAMS 0x000000008d800000, 0x000000008d700000| Untracked 
|  44|0x000000008d800000, 0x000000008d900000, 0x000000008d900000|100%| O|  |TAMS 0x000000008d857000, 0x000000008d800000| Untracked 
|  45|0x000000008d900000, 0x000000008da00000, 0x000000008da00000|100%| O|  |TAMS 0x000000008d900000, 0x000000008d900000| Untracked 
|  46|0x000000008da00000, 0x000000008db00000, 0x000000008db00000|100%| O|  |TAMS 0x000000008da00000, 0x000000008da00000| Untracked 
|  47|0x000000008db00000, 0x000000008dc00000, 0x000000008dc00000|100%| O|  |TAMS 0x000000008db00000, 0x000000008db00000| Untracked 
|  48|0x000000008dc00000, 0x000000008dd00000, 0x000000008dd00000|100%| O|  |TAMS 0x000000008dc00000, 0x000000008dc00000| Untracked 
|  49|0x000000008dd00000, 0x000000008dd24000, 0x000000008de00000| 14%| O|  |TAMS 0x000000008dd00000, 0x000000008dd00000| Untracked 
|  50|0x000000008de00000, 0x000000008de00000, 0x000000008df00000|  0%| F|  |TAMS 0x000000008de00000, 0x000000008de00000| Untracked 
|  51|0x000000008df00000, 0x000000008df00000, 0x000000008e000000|  0%| F|  |TAMS 0x000000008df00000, 0x000000008df00000| Untracked 
|  52|0x000000008e000000, 0x000000008e000000, 0x000000008e100000|  0%| F|  |TAMS 0x000000008e000000, 0x000000008e000000| Untracked 
|  53|0x000000008e100000, 0x000000008e100000, 0x000000008e200000|  0%| F|  |TAMS 0x000000008e100000, 0x000000008e100000| Untracked 
|  54|0x000000008e200000, 0x000000008e200000, 0x000000008e300000|  0%| F|  |TAMS 0x000000008e200000, 0x000000008e200000| Untracked 
|  55|0x000000008e300000, 0x000000008e300000, 0x000000008e400000|  0%| F|  |TAMS 0x000000008e300000, 0x000000008e300000| Untracked 
|  56|0x000000008e400000, 0x000000008e400000, 0x000000008e500000|  0%| F|  |TAMS 0x000000008e400000, 0x000000008e400000| Untracked 
|  57|0x000000008e500000, 0x000000008e500000, 0x000000008e600000|  0%| F|  |TAMS 0x000000008e500000, 0x000000008e500000| Untracked 
|  58|0x000000008e600000, 0x000000008e600000, 0x000000008e700000|  0%| F|  |TAMS 0x000000008e600000, 0x000000008e600000| Untracked 
|  59|0x000000008e700000, 0x000000008e797b38, 0x000000008e800000| 59%| S|CS|TAMS 0x000000008e700000, 0x000000008e700000| Complete 
|  60|0x000000008e800000, 0x000000008e900000, 0x000000008e900000|100%| S|CS|TAMS 0x000000008e800000, 0x000000008e800000| Complete 
|  61|0x000000008e900000, 0x000000008e900000, 0x000000008ea00000|  0%| F|  |TAMS 0x000000008e900000, 0x000000008e900000| Untracked 
|  62|0x000000008ea00000, 0x000000008ea00000, 0x000000008eb00000|  0%| F|  |TAMS 0x000000008ea00000, 0x000000008ea00000| Untracked 
|  63|0x000000008eb00000, 0x000000008eb00000, 0x000000008ec00000|  0%| F|  |TAMS 0x000000008eb00000, 0x000000008eb00000| Untracked 
|  64|0x000000008ec00000, 0x000000008ec00000, 0x000000008ed00000|  0%| F|  |TAMS 0x000000008ec00000, 0x000000008ec00000| Untracked 
|  65|0x000000008ed00000, 0x000000008ed00000, 0x000000008ee00000|  0%| F|  |TAMS 0x000000008ed00000, 0x000000008ed00000| Untracked 
|  66|0x000000008ee00000, 0x000000008ee00000, 0x000000008ef00000|  0%| F|  |TAMS 0x000000008ee00000, 0x000000008ee00000| Untracked 
|  67|0x000000008ef00000, 0x000000008ef00000, 0x000000008f000000|  0%| F|  |TAMS 0x000000008ef00000, 0x000000008ef00000| Untracked 
|  68|0x000000008f000000, 0x000000008f000000, 0x000000008f100000|  0%| F|  |TAMS 0x000000008f000000, 0x000000008f000000| Untracked 
|  69|0x000000008f100000, 0x000000008f100000, 0x000000008f200000|  0%| F|  |TAMS 0x000000008f100000, 0x000000008f100000| Untracked 
|  70|0x000000008f200000, 0x000000008f200000, 0x000000008f300000|  0%| F|  |TAMS 0x000000008f200000, 0x000000008f200000| Untracked 
|  71|0x000000008f300000, 0x000000008f300000, 0x000000008f400000|  0%| F|  |TAMS 0x000000008f300000, 0x000000008f300000| Untracked 
|  72|0x000000008f400000, 0x000000008f400000, 0x000000008f500000|  0%| F|  |TAMS 0x000000008f400000, 0x000000008f400000| Untracked 
|  73|0x000000008f500000, 0x000000008f500000, 0x000000008f600000|  0%| F|  |TAMS 0x000000008f500000, 0x000000008f500000| Untracked 
|  74|0x000000008f600000, 0x000000008f600000, 0x000000008f700000|  0%| F|  |TAMS 0x000000008f600000, 0x000000008f600000| Untracked 
|  75|0x000000008f700000, 0x000000008f700000, 0x000000008f800000|  0%| F|  |TAMS 0x000000008f700000, 0x000000008f700000| Untracked 
|  76|0x000000008f800000, 0x000000008f800000, 0x000000008f900000|  0%| F|  |TAMS 0x000000008f800000, 0x000000008f800000| Untracked 
|  77|0x000000008f900000, 0x000000008f900000, 0x000000008fa00000|  0%| F|  |TAMS 0x000000008f900000, 0x000000008f900000| Untracked 
|  78|0x000000008fa00000, 0x000000008fa00000, 0x000000008fb00000|  0%| F|  |TAMS 0x000000008fa00000, 0x000000008fa00000| Untracked 
|  79|0x000000008fb00000, 0x000000008fb00000, 0x000000008fc00000|  0%| F|  |TAMS 0x000000008fb00000, 0x000000008fb00000| Untracked 
|  80|0x000000008fc00000, 0x000000008fc00000, 0x000000008fd00000|  0%| F|  |TAMS 0x000000008fc00000, 0x000000008fc00000| Untracked 
|  81|0x000000008fd00000, 0x000000008fd00000, 0x000000008fe00000|  0%| F|  |TAMS 0x000000008fd00000, 0x000000008fd00000| Untracked 
|  82|0x000000008fe00000, 0x000000008fe00000, 0x000000008ff00000|  0%| F|  |TAMS 0x000000008fe00000, 0x000000008fe00000| Untracked 
|  83|0x000000008ff00000, 0x000000008ff00000, 0x0000000090000000|  0%| F|  |TAMS 0x000000008ff00000, 0x000000008ff00000| Untracked 
|  84|0x0000000090000000, 0x0000000090000000, 0x0000000090100000|  0%| F|  |TAMS 0x0000000090000000, 0x0000000090000000| Untracked 
|  85|0x0000000090100000, 0x0000000090100000, 0x0000000090200000|  0%| F|  |TAMS 0x0000000090100000, 0x0000000090100000| Untracked 
|  86|0x0000000090200000, 0x0000000090200000, 0x0000000090300000|  0%| F|  |TAMS 0x0000000090200000, 0x0000000090200000| Untracked 
|  87|0x0000000090300000, 0x0000000090300000, 0x0000000090400000|  0%| F|  |TAMS 0x0000000090300000, 0x0000000090300000| Untracked 
|  88|0x0000000090400000, 0x0000000090400000, 0x0000000090500000|  0%| F|  |TAMS 0x0000000090400000, 0x0000000090400000| Untracked 
|  89|0x0000000090500000, 0x0000000090500000, 0x0000000090600000|  0%| F|  |TAMS 0x0000000090500000, 0x0000000090500000| Untracked 
|  90|0x0000000090600000, 0x0000000090600000, 0x0000000090700000|  0%| F|  |TAMS 0x0000000090600000, 0x0000000090600000| Untracked 
|  91|0x0000000090700000, 0x0000000090700000, 0x0000000090800000|  0%| F|  |TAMS 0x0000000090700000, 0x0000000090700000| Untracked 
|  92|0x0000000090800000, 0x0000000090800000, 0x0000000090900000|  0%| F|  |TAMS 0x0000000090800000, 0x0000000090800000| Untracked 
|  93|0x0000000090900000, 0x0000000090900000, 0x0000000090a00000|  0%| F|  |TAMS 0x0000000090900000, 0x0000000090900000| Untracked 
|  94|0x0000000090a00000, 0x0000000090a00000, 0x0000000090b00000|  0%| F|  |TAMS 0x0000000090a00000, 0x0000000090a00000| Untracked 
|  95|0x0000000090b00000, 0x0000000090b00000, 0x0000000090c00000|  0%| F|  |TAMS 0x0000000090b00000, 0x0000000090b00000| Untracked 
|  96|0x0000000090c00000, 0x0000000090c00000, 0x0000000090d00000|  0%| F|  |TAMS 0x0000000090c00000, 0x0000000090c00000| Untracked 
|  97|0x0000000090d00000, 0x0000000090d00000, 0x0000000090e00000|  0%| F|  |TAMS 0x0000000090d00000, 0x0000000090d00000| Untracked 
|  98|0x0000000090e00000, 0x0000000090e00000, 0x0000000090f00000|  0%| F|  |TAMS 0x0000000090e00000, 0x0000000090e00000| Untracked 
|  99|0x0000000090f00000, 0x0000000090f00000, 0x0000000091000000|  0%| F|  |TAMS 0x0000000090f00000, 0x0000000090f00000| Untracked 
| 100|0x0000000091000000, 0x0000000091000000, 0x0000000091100000|  0%| F|  |TAMS 0x0000000091000000, 0x0000000091000000| Untracked 
| 101|0x0000000091100000, 0x0000000091100000, 0x0000000091200000|  0%| F|  |TAMS 0x0000000091100000, 0x0000000091100000| Untracked 
| 102|0x0000000091200000, 0x0000000091200000, 0x0000000091300000|  0%| F|  |TAMS 0x0000000091200000, 0x0000000091200000| Untracked 
| 103|0x0000000091300000, 0x0000000091300000, 0x0000000091400000|  0%| F|  |TAMS 0x0000000091300000, 0x0000000091300000| Untracked 
| 104|0x0000000091400000, 0x0000000091400000, 0x0000000091500000|  0%| F|  |TAMS 0x0000000091400000, 0x0000000091400000| Untracked 
| 105|0x0000000091500000, 0x0000000091500000, 0x0000000091600000|  0%| F|  |TAMS 0x0000000091500000, 0x0000000091500000| Untracked 
| 106|0x0000000091600000, 0x0000000091600000, 0x0000000091700000|  0%| F|  |TAMS 0x0000000091600000, 0x0000000091600000| Untracked 
| 107|0x0000000091700000, 0x0000000091700000, 0x0000000091800000|  0%| F|  |TAMS 0x0000000091700000, 0x0000000091700000| Untracked 
| 108|0x0000000091800000, 0x0000000091800000, 0x0000000091900000|  0%| F|  |TAMS 0x0000000091800000, 0x0000000091800000| Untracked 
| 109|0x0000000091900000, 0x0000000091900000, 0x0000000091a00000|  0%| F|  |TAMS 0x0000000091900000, 0x0000000091900000| Untracked 
| 110|0x0000000091a00000, 0x0000000091a00000, 0x0000000091b00000|  0%| F|  |TAMS 0x0000000091a00000, 0x0000000091a00000| Untracked 
| 111|0x0000000091b00000, 0x0000000091b00000, 0x0000000091c00000|  0%| F|  |TAMS 0x0000000091b00000, 0x0000000091b00000| Untracked 
| 112|0x0000000091c00000, 0x0000000091c00000, 0x0000000091d00000|  0%| F|  |TAMS 0x0000000091c00000, 0x0000000091c00000| Untracked 
| 113|0x0000000091d00000, 0x0000000091d00000, 0x0000000091e00000|  0%| F|  |TAMS 0x0000000091d00000, 0x0000000091d00000| Untracked 
| 114|0x0000000091e00000, 0x0000000091e00000, 0x0000000091f00000|  0%| F|  |TAMS 0x0000000091e00000, 0x0000000091e00000| Untracked 
| 115|0x0000000091f00000, 0x0000000091f00000, 0x0000000092000000|  0%| F|  |TAMS 0x0000000091f00000, 0x0000000091f00000| Untracked 
| 116|0x0000000092000000, 0x0000000092000000, 0x0000000092100000|  0%| F|  |TAMS 0x0000000092000000, 0x0000000092000000| Untracked 
| 117|0x0000000092100000, 0x0000000092100000, 0x0000000092200000|  0%| F|  |TAMS 0x0000000092100000, 0x0000000092100000| Untracked 
| 118|0x0000000092200000, 0x0000000092200000, 0x0000000092300000|  0%| F|  |TAMS 0x0000000092200000, 0x0000000092200000| Untracked 
| 119|0x0000000092300000, 0x0000000092300000, 0x0000000092400000|  0%| F|  |TAMS 0x0000000092300000, 0x0000000092300000| Untracked 
| 120|0x0000000092400000, 0x0000000092400000, 0x0000000092500000|  0%| F|  |TAMS 0x0000000092400000, 0x0000000092400000| Untracked 
| 121|0x0000000092500000, 0x0000000092500000, 0x0000000092600000|  0%| F|  |TAMS 0x0000000092500000, 0x0000000092500000| Untracked 
| 122|0x0000000092600000, 0x0000000092600000, 0x0000000092700000|  0%| F|  |TAMS 0x0000000092600000, 0x0000000092600000| Untracked 
| 123|0x0000000092700000, 0x0000000092700000, 0x0000000092800000|  0%| F|  |TAMS 0x0000000092700000, 0x0000000092700000| Untracked 
| 124|0x0000000092800000, 0x0000000092800000, 0x0000000092900000|  0%| F|  |TAMS 0x0000000092800000, 0x0000000092800000| Untracked 
| 125|0x0000000092900000, 0x0000000092900000, 0x0000000092a00000|  0%| F|  |TAMS 0x0000000092900000, 0x0000000092900000| Untracked 
| 126|0x0000000092a00000, 0x0000000092a00000, 0x0000000092b00000|  0%| F|  |TAMS 0x0000000092a00000, 0x0000000092a00000| Untracked 
| 127|0x0000000092b00000, 0x0000000092b00000, 0x0000000092c00000|  0%| F|  |TAMS 0x0000000092b00000, 0x0000000092b00000| Untracked 
| 128|0x0000000092c00000, 0x0000000092c00000, 0x0000000092d00000|  0%| F|  |TAMS 0x0000000092c00000, 0x0000000092c00000| Untracked 
| 129|0x0000000092d00000, 0x0000000092d00000, 0x0000000092e00000|  0%| F|  |TAMS 0x0000000092d00000, 0x0000000092d00000| Untracked 
| 130|0x0000000092e00000, 0x0000000092e00000, 0x0000000092f00000|  0%| F|  |TAMS 0x0000000092e00000, 0x0000000092e00000| Untracked 
| 131|0x0000000092f00000, 0x0000000092f00000, 0x0000000093000000|  0%| F|  |TAMS 0x0000000092f00000, 0x0000000092f00000| Untracked 
| 132|0x0000000093000000, 0x0000000093000000, 0x0000000093100000|  0%| F|  |TAMS 0x0000000093000000, 0x0000000093000000| Untracked 
| 133|0x0000000093100000, 0x0000000093100000, 0x0000000093200000|  0%| F|  |TAMS 0x0000000093100000, 0x0000000093100000| Untracked 
| 134|0x0000000093200000, 0x0000000093200000, 0x0000000093300000|  0%| F|  |TAMS 0x0000000093200000, 0x0000000093200000| Untracked 
| 135|0x0000000093300000, 0x0000000093300000, 0x0000000093400000|  0%| F|  |TAMS 0x0000000093300000, 0x0000000093300000| Untracked 
| 136|0x0000000093400000, 0x0000000093400000, 0x0000000093500000|  0%| F|  |TAMS 0x0000000093400000, 0x0000000093400000| Untracked 
| 137|0x0000000093500000, 0x0000000093500000, 0x0000000093600000|  0%| F|  |TAMS 0x0000000093500000, 0x0000000093500000| Untracked 
| 138|0x0000000093600000, 0x0000000093600000, 0x0000000093700000|  0%| F|  |TAMS 0x0000000093600000, 0x0000000093600000| Untracked 
| 139|0x0000000093700000, 0x0000000093700000, 0x0000000093800000|  0%| F|  |TAMS 0x0000000093700000, 0x0000000093700000| Untracked 
| 140|0x0000000093800000, 0x0000000093800000, 0x0000000093900000|  0%| F|  |TAMS 0x0000000093800000, 0x0000000093800000| Untracked 
| 141|0x0000000093900000, 0x0000000093900000, 0x0000000093a00000|  0%| F|  |TAMS 0x0000000093900000, 0x0000000093900000| Untracked 
| 142|0x0000000093a00000, 0x0000000093a00000, 0x0000000093b00000|  0%| F|  |TAMS 0x0000000093a00000, 0x0000000093a00000| Untracked 
| 143|0x0000000093b00000, 0x0000000093b00000, 0x0000000093c00000|  0%| F|  |TAMS 0x0000000093b00000, 0x0000000093b00000| Untracked 
| 144|0x0000000093c00000, 0x0000000093c00000, 0x0000000093d00000|  0%| F|  |TAMS 0x0000000093c00000, 0x0000000093c00000| Untracked 
| 145|0x0000000093d00000, 0x0000000093d00000, 0x0000000093e00000|  0%| F|  |TAMS 0x0000000093d00000, 0x0000000093d00000| Untracked 
| 146|0x0000000093e00000, 0x0000000093e00000, 0x0000000093f00000|  0%| F|  |TAMS 0x0000000093e00000, 0x0000000093e00000| Untracked 
| 147|0x0000000093f00000, 0x0000000093f00000, 0x0000000094000000|  0%| F|  |TAMS 0x0000000093f00000, 0x0000000093f00000| Untracked 
| 148|0x0000000094000000, 0x0000000094000000, 0x0000000094100000|  0%| F|  |TAMS 0x0000000094000000, 0x0000000094000000| Untracked 
| 149|0x0000000094100000, 0x0000000094100000, 0x0000000094200000|  0%| F|  |TAMS 0x0000000094100000, 0x0000000094100000| Untracked 
| 150|0x0000000094200000, 0x0000000094280800, 0x0000000094300000| 50%| E|  |TAMS 0x0000000094200000, 0x0000000094200000| Complete 
| 151|0x0000000094300000, 0x0000000094400000, 0x0000000094400000|100%| E|CS|TAMS 0x0000000094300000, 0x0000000094300000| Complete 
| 152|0x0000000094400000, 0x0000000094500000, 0x0000000094500000|100%| E|CS|TAMS 0x0000000094400000, 0x0000000094400000| Complete 
| 153|0x0000000094500000, 0x0000000094600000, 0x0000000094600000|100%| E|CS|TAMS 0x0000000094500000, 0x0000000094500000| Complete 
| 154|0x0000000094600000, 0x0000000094700000, 0x0000000094700000|100%| E|CS|TAMS 0x0000000094600000, 0x0000000094600000| Complete 
| 155|0x0000000094700000, 0x0000000094800000, 0x0000000094800000|100%| E|CS|TAMS 0x0000000094700000, 0x0000000094700000| Complete 
| 156|0x0000000094800000, 0x0000000094900000, 0x0000000094900000|100%| E|CS|TAMS 0x0000000094800000, 0x0000000094800000| Complete 
| 157|0x0000000094900000, 0x0000000094a00000, 0x0000000094a00000|100%| E|CS|TAMS 0x0000000094900000, 0x0000000094900000| Complete 
| 158|0x0000000094a00000, 0x0000000094b00000, 0x0000000094b00000|100%| E|CS|TAMS 0x0000000094a00000, 0x0000000094a00000| Complete 
| 159|0x0000000094b00000, 0x0000000094c00000, 0x0000000094c00000|100%| E|CS|TAMS 0x0000000094b00000, 0x0000000094b00000| Complete 
| 160|0x0000000094c00000, 0x0000000094d00000, 0x0000000094d00000|100%| E|CS|TAMS 0x0000000094c00000, 0x0000000094c00000| Complete 
| 161|0x0000000094d00000, 0x0000000094e00000, 0x0000000094e00000|100%| E|CS|TAMS 0x0000000094d00000, 0x0000000094d00000| Complete 

Card table byte_map: [0x000002167a260000,0x000002167a610000] _byte_map_base: 0x0000021679e0a000

Marking Bits (Prev, Next): (CMBitMap*) 0x0000021672398080, (CMBitMap*) 0x0000021672398040
 Prev Bits: [0x000002167c710000, 0x000002167e460000)
 Next Bits: [0x000002167a9c0000, 0x000002167c710000)

Polling page: 0x00000216701d0000

Metaspace:

Usage:
  Non-class:     69.69 MB used.
      Class:     11.12 MB used.
       Both:     80.80 MB used.

Virtual space:
  Non-class space:       72.00 MB reserved,      70.00 MB ( 97%) committed,  9 nodes.
      Class space:        1.00 GB reserved,      11.38 MB (  1%) committed,  1 nodes.
             Both:        1.07 GB reserved,      81.38 MB (  7%) committed. 

Chunk freelists:
   Non-Class:  1.95 MB
       Class:  484.00 KB
        Both:  2.43 MB

MaxMetaspaceSize: unlimited
CompressedClassSpaceSize: 1.00 GB
Initial GC threshold: 21.00 MB
Current GC threshold: 134.94 MB
CDS: on
MetaspaceReclaimPolicy: balanced
 - commit_granule_bytes: 65536.
 - commit_granule_words: 8192.
 - virtual_space_node_default_size: 1048576.
 - enlarge_chunks_in_place: 1.
 - new_chunks_are_fully_committed: 0.
 - uncommit_free_chunks: 1.
 - use_allocation_guard: 0.
 - handle_deallocations: 1.


Internal statistics:

num_allocs_failed_limit: 6.
num_arena_births: 882.
num_arena_deaths: 0.
num_vsnodes_births: 10.
num_vsnodes_deaths: 0.
num_space_committed: 1302.
num_space_uncommitted: 0.
num_chunks_returned_to_freelist: 6.
num_chunks_taken_from_freelist: 4010.
num_chunk_merges: 6.
num_chunk_splits: 2877.
num_chunks_enlarged: 2263.
num_purges: 0.
num_inconsistent_stats: 0.

CodeHeap 'non-profiled nmethods': size=120000Kb used=4695Kb max_used=5513Kb free=115304Kb
 bounds [0x0000021607ad0000, 0x0000021608040000, 0x000002160f000000]
CodeHeap 'profiled nmethods': size=120000Kb used=12818Kb max_used=13969Kb free=107182Kb
 bounds [0x00000216005a0000, 0x0000021601350000, 0x0000021607ad0000]
CodeHeap 'non-nmethods': size=5760Kb used=1364Kb max_used=1445Kb free=4395Kb
 bounds [0x0000021600000000, 0x0000021600270000, 0x00000216005a0000]
 total_blobs=7661 nmethods=6958 adapters=614
 compilation: enabled
              stopped_count=0, restarted_count=0
 full_count=0

Compilation events (20 events):
Event: 69.342 Thread 0x000002167eea8d50 8267       2       org.springframework.boot.context.properties.bind.Bindable::withSuppliedValue (29 bytes)
Event: 69.343 Thread 0x000002167eea8d50 nmethod 8267 0x0000021600b75690 code [0x0000021600b75820, 0x0000021600b759c8]
Event: 69.384 Thread 0x000002167eea8d50 8268       3       org.springframework.core.SerializableTypeWrapper$MethodParameterTypeProvider::<init> (59 bytes)
Event: 69.386 Thread 0x000002167eea8d50 nmethod 8268 0x0000021600745710 code [0x0000021600745920, 0x00000216007461d8]
Event: 69.468 Thread 0x000002167eea8d50 8269       3       java.util.Properties::keySet (12 bytes)
Event: 69.469 Thread 0x000002167eea8d50 nmethod 8269 0x00000216009ef090 code [0x00000216009ef280, 0x00000216009ef8b8]
Event: 69.471 Thread 0x000002167eea8d50 8270       2       org.springframework.core.annotation.AnnotationTypeMappings$Cache::createMappings (18 bytes)
Event: 69.472 Thread 0x000002167eea8d50 nmethod 8270 0x0000021600745310 code [0x00000216007454a0, 0x0000021600745648]
Event: 69.551 Thread 0x000002167eea8d50 8271       2       org.springframework.beans.factory.support.GenericTypeAwareAutowireCandidateResolver::checkGenericTypeMatch (347 bytes)
Event: 69.555 Thread 0x000002167eea8d50 nmethod 8271 0x0000021600eb1390 code [0x0000021600eb16c0, 0x0000021600eb2388]
Event: 69.555 Thread 0x000002167eea8d50 8272       2       org.springframework.beans.factory.support.AbstractAutowireCapableBeanFactory::determineConstructorsFromBeanPostProcessors (68 bytes)
Event: 69.556 Thread 0x000002167eea8d50 nmethod 8272 0x0000021600d8f690 code [0x0000021600d8f8a0, 0x0000021600d8fbe8]
Event: 69.559 Thread 0x000002167eea8d50 8273       1       org.springframework.boot.context.properties.source.FilteredConfigurationPropertiesSource::getSource (5 bytes)
Event: 69.559 Thread 0x000002167eea8d50 nmethod 8273 0x0000021607e5d190 code [0x0000021607e5d320, 0x0000021607e5d3f8]
Event: 69.559 Thread 0x000002167eea8d50 8274       1       org.springframework.boot.context.properties.source.FilteredConfigurationPropertiesSource::getFilter (5 bytes)
Event: 69.559 Thread 0x000002167eea8d50 nmethod 8274 0x0000021607c11290 code [0x0000021607c11420, 0x0000021607c114f8]
Event: 69.579 Thread 0x000002167eea8d50 8275       2       org.springframework.beans.factory.support.SimpleInstantiationStrategy::getCurrentlyInvokedFactoryMethod (10 bytes)
Event: 69.579 Thread 0x000002167eea8d50 nmethod 8275 0x00000216009eed10 code [0x00000216009eeea0, 0x00000216009eefe8]
Event: 69.585 Thread 0x000002167eea8d50 8276       2       org.springframework.aop.aspectj.AspectJProxyUtils::makeAdvisorChainAspectJCapableIfNecessary (82 bytes)
Event: 69.586 Thread 0x000002167eea8d50 nmethod 8276 0x0000021600d8ed10 code [0x0000021600d8ef20, 0x0000021600d8f248]

GC Heap History (20 events):
Event: 49.953 GC heap before
{Heap before GC invocations=31 (full 0):
 garbage-first heap   total 82944K, used 37041K [0x000000008ac00000, 0x0000000100000000)
  region size 1024K, 5 young (5120K), 4 survivors (4096K)
 Metaspace       used 71998K, committed 72512K, reserved 1114112K
  class space    used 9896K, committed 10176K, reserved 1048576K
}
Event: 49.968 GC heap after
{Heap after GC invocations=32 (full 0):
 garbage-first heap   total 82944K, used 36116K [0x000000008ac00000, 0x0000000100000000)
  region size 1024K, 1 young (1024K), 1 survivors (1024K)
 Metaspace       used 71998K, committed 72512K, reserved 1114112K
  class space    used 9896K, committed 10176K, reserved 1048576K
}
Event: 52.378 GC heap before
{Heap before GC invocations=32 (full 0):
 garbage-first heap   total 82944K, used 66836K [0x000000008ac00000, 0x0000000100000000)
  region size 1024K, 31 young (31744K), 1 survivors (1024K)
 Metaspace       used 73882K, committed 74496K, reserved 1114112K
  class space    used 10145K, committed 10432K, reserved 1048576K
}
Event: 52.389 GC heap after
{Heap after GC invocations=33 (full 0):
 garbage-first heap   total 82944K, used 37916K [0x000000008ac00000, 0x0000000100000000)
  region size 1024K, 3 young (3072K), 3 survivors (3072K)
 Metaspace       used 73882K, committed 74496K, reserved 1114112K
  class space    used 10145K, committed 10432K, reserved 1048576K
}
Event: 54.332 GC heap before
{Heap before GC invocations=33 (full 0):
 garbage-first heap   total 82944K, used 66588K [0x000000008ac00000, 0x0000000100000000)
  region size 1024K, 31 young (31744K), 3 survivors (3072K)
 Metaspace       used 75224K, committed 75776K, reserved 1122304K
  class space    used 10372K, committed 10624K, reserved 1048576K
}
Event: 54.361 GC heap after
{Heap after GC invocations=34 (full 0):
 garbage-first heap   total 82944K, used 40023K [0x000000008ac00000, 0x0000000100000000)
  region size 1024K, 3 young (3072K), 3 survivors (3072K)
 Metaspace       used 75224K, committed 75776K, reserved 1122304K
  class space    used 10372K, committed 10624K, reserved 1048576K
}
Event: 57.016 GC heap before
{Heap before GC invocations=34 (full 0):
 garbage-first heap   total 82944K, used 66647K [0x000000008ac00000, 0x0000000100000000)
  region size 1024K, 29 young (29696K), 3 survivors (3072K)
 Metaspace       used 80586K, committed 81152K, reserved 1122304K
  class space    used 11111K, committed 11392K, reserved 1048576K
}
Event: 57.045 GC heap after
{Heap after GC invocations=35 (full 0):
 garbage-first heap   total 82944K, used 42038K [0x000000008ac00000, 0x0000000100000000)
  region size 1024K, 3 young (3072K), 3 survivors (3072K)
 Metaspace       used 80586K, committed 81152K, reserved 1122304K
  class space    used 11111K, committed 11392K, reserved 1048576K
}
Event: 62.374 GC heap before
{Heap before GC invocations=36 (full 0):
 garbage-first heap   total 82944K, used 65590K [0x000000008ac00000, 0x0000000100000000)
  region size 1024K, 27 young (27648K), 3 survivors (3072K)
 Metaspace       used 82129K, committed 82688K, reserved 1122304K
  class space    used 11361K, committed 11648K, reserved 1048576K
}
Event: 62.392 GC heap after
{Heap after GC invocations=37 (full 0):
 garbage-first heap   total 82944K, used 44673K [0x000000008ac00000, 0x0000000100000000)
  region size 1024K, 4 young (4096K), 4 survivors (4096K)
 Metaspace       used 82129K, committed 82688K, reserved 1122304K
  class space    used 11361K, committed 11648K, reserved 1048576K
}
Event: 62.548 GC heap before
{Heap before GC invocations=37 (full 0):
 garbage-first heap   total 82944K, used 45697K [0x000000008ac00000, 0x0000000100000000)
  region size 1024K, 5 young (5120K), 4 survivors (4096K)
 Metaspace       used 82133K, committed 82688K, reserved 1122304K
  class space    used 11361K, committed 11648K, reserved 1048576K
}
Event: 62.568 GC heap after
{Heap after GC invocations=38 (full 0):
 garbage-first heap   total 82944K, used 44977K [0x000000008ac00000, 0x0000000100000000)
  region size 1024K, 1 young (1024K), 1 survivors (1024K)
 Metaspace       used 82133K, committed 82688K, reserved 1122304K
  class space    used 11361K, committed 11648K, reserved 1048576K
}
Event: 65.900 GC heap before
{Heap before GC invocations=38 (full 0):
 garbage-first heap   total 82944K, used 66481K [0x000000008ac00000, 0x0000000100000000)
  region size 1024K, 22 young (22528K), 1 survivors (1024K)
 Metaspace       used 82242K, committed 82880K, reserved 1122304K
  class space    used 11362K, committed 11648K, reserved 1048576K
}
Event: 65.910 GC heap after
{Heap after GC invocations=39 (full 0):
 garbage-first heap   total 82944K, used 46153K [0x000000008ac00000, 0x0000000100000000)
  region size 1024K, 2 young (2048K), 2 survivors (2048K)
 Metaspace       used 82242K, committed 82880K, reserved 1122304K
  class space    used 11362K, committed 11648K, reserved 1048576K
}
Event: 67.696 GC heap before
{Heap before GC invocations=40 (full 0):
 garbage-first heap   total 82944K, used 65609K [0x000000008ac00000, 0x0000000100000000)
  region size 1024K, 22 young (22528K), 2 survivors (2048K)
 Metaspace       used 82381K, committed 82944K, reserved 1122304K
  class space    used 11372K, committed 11648K, reserved 1048576K
}
Event: 67.709 GC heap after
{Heap after GC invocations=41 (full 0):
 garbage-first heap   total 82944K, used 47567K [0x000000008ac00000, 0x0000000100000000)
  region size 1024K, 2 young (2048K), 2 survivors (2048K)
 Metaspace       used 82381K, committed 82944K, reserved 1122304K
  class space    used 11372K, committed 11648K, reserved 1048576K
}
Event: 67.856 GC heap before
{Heap before GC invocations=41 (full 0):
 garbage-first heap   total 82944K, used 49615K [0x000000008ac00000, 0x0000000100000000)
  region size 1024K, 4 young (4096K), 2 survivors (2048K)
 Metaspace       used 82450K, committed 83008K, reserved 1122304K
  class space    used 11373K, committed 11648K, reserved 1048576K
}
Event: 67.877 GC heap after
{Heap after GC invocations=42 (full 0):
 garbage-first heap   total 82944K, used 46702K [0x000000008ac00000, 0x0000000100000000)
  region size 1024K, 1 young (1024K), 1 survivors (1024K)
 Metaspace       used 82450K, committed 83008K, reserved 1122304K
  class space    used 11373K, committed 11648K, reserved 1048576K
}
Event: 68.976 GC heap before
{Heap before GC invocations=42 (full 0):
 garbage-first heap   total 82944K, used 66158K [0x000000008ac00000, 0x0000000100000000)
  region size 1024K, 20 young (20480K), 1 survivors (1024K)
 Metaspace       used 82710K, committed 83328K, reserved 1122304K
  class space    used 11383K, committed 11648K, reserved 1048576K
}
Event: 68.986 GC heap after
{Heap after GC invocations=43 (full 0):
 garbage-first heap   total 165888K, used 47854K [0x000000008ac00000, 0x0000000100000000)
  region size 1024K, 2 young (2048K), 2 survivors (2048K)
 Metaspace       used 82710K, committed 83328K, reserved 1122304K
  class space    used 11383K, committed 11648K, reserved 1048576K
}

Deoptimization events (20 events):
Event: 68.400 Thread 0x0000021672342860 Uncommon trap: trap_request=0xffffff45 fr.pc=0x0000021607ca8e54 relative=0x00000000000001b4
Event: 68.400 Thread 0x0000021672342860 Uncommon trap: reason=unstable_if action=reinterpret pc=0x0000021607ca8e54 method=java.util.ArrayDeque.addLast(Ljava/lang/Object;)V @ 42 c2
Event: 68.400 Thread 0x0000021672342860 DEOPT PACKING pc=0x0000021607ca8e54 sp=0x000000fb496fa360
Event: 68.400 Thread 0x0000021672342860 DEOPT UNPACKING pc=0x00000216000523a3 sp=0x000000fb496fa320 mode 2
Event: 68.835 Thread 0x0000021672342860 Uncommon trap: trap_request=0xffffffde fr.pc=0x0000021607ff415c relative=0x000000000000119c
Event: 68.835 Thread 0x0000021672342860 Uncommon trap: reason=class_check action=maybe_recompile pc=0x0000021607ff415c method=org.springframework.core.SerializableTypeWrapper.unwrap(Ljava/lang/reflect/Type;)Ljava/lang/reflect/Type; @ 20 c2
Event: 68.835 Thread 0x0000021672342860 DEOPT PACKING pc=0x0000021607ff415c sp=0x000000fb496f9fd0
Event: 68.835 Thread 0x0000021672342860 DEOPT UNPACKING pc=0x00000216000523a3 sp=0x000000fb496f9fa8 mode 2
Event: 68.836 Thread 0x0000021672342860 Uncommon trap: trap_request=0xffffffde fr.pc=0x0000021607ff415c relative=0x000000000000119c
Event: 68.836 Thread 0x0000021672342860 Uncommon trap: reason=class_check action=maybe_recompile pc=0x0000021607ff415c method=org.springframework.core.SerializableTypeWrapper.unwrap(Ljava/lang/reflect/Type;)Ljava/lang/reflect/Type; @ 20 c2
Event: 68.836 Thread 0x0000021672342860 DEOPT PACKING pc=0x0000021607ff415c sp=0x000000fb496f9ee0
Event: 68.836 Thread 0x0000021672342860 DEOPT UNPACKING pc=0x00000216000523a3 sp=0x000000fb496f9eb8 mode 2
Event: 68.836 Thread 0x0000021672342860 Uncommon trap: trap_request=0xffffffde fr.pc=0x0000021607ff415c relative=0x000000000000119c
Event: 68.836 Thread 0x0000021672342860 Uncommon trap: reason=class_check action=maybe_recompile pc=0x0000021607ff415c method=org.springframework.core.SerializableTypeWrapper.unwrap(Ljava/lang/reflect/Type;)Ljava/lang/reflect/Type; @ 20 c2
Event: 68.836 Thread 0x0000021672342860 DEOPT PACKING pc=0x0000021607ff415c sp=0x000000fb496f9d20
Event: 68.836 Thread 0x0000021672342860 DEOPT UNPACKING pc=0x00000216000523a3 sp=0x000000fb496f9cf8 mode 2
Event: 68.836 Thread 0x0000021672342860 Uncommon trap: trap_request=0xffffffde fr.pc=0x0000021607ff415c relative=0x000000000000119c
Event: 68.836 Thread 0x0000021672342860 Uncommon trap: reason=class_check action=maybe_recompile pc=0x0000021607ff415c method=org.springframework.core.SerializableTypeWrapper.unwrap(Ljava/lang/reflect/Type;)Ljava/lang/reflect/Type; @ 20 c2
Event: 68.836 Thread 0x0000021672342860 DEOPT PACKING pc=0x0000021607ff415c sp=0x000000fb496fa050
Event: 68.836 Thread 0x0000021672342860 DEOPT UNPACKING pc=0x00000216000523a3 sp=0x000000fb496fa028 mode 2

Classes unloaded (0 events):
No events

Classes redefined (0 events):
No events

Internal exceptions (20 events):
Event: 65.926 Thread 0x0000021672342860 Exception <a 'sun/nio/fs/WindowsException'{0x0000000092128498}> (0x0000000092128498) 
thrown [s\open\src\hotspot\share\prims\jni.cpp, line 516]
Event: 65.962 Thread 0x0000021672342860 Exception <a 'sun/nio/fs/WindowsException'{0x0000000092188458}> (0x0000000092188458) 
thrown [s\open\src\hotspot\share\prims\jni.cpp, line 516]
Event: 66.098 Thread 0x0000021672342860 Exception <a 'sun/nio/fs/WindowsException'{0x000000009218d720}> (0x000000009218d720) 
thrown [s\open\src\hotspot\share\prims\jni.cpp, line 516]
Event: 66.445 Thread 0x0000021672342860 Exception <a 'java/lang/NoClassDefFoundError'{0x000000009101e918}: org/flywaydb/core/Flyway> (0x000000009101e918) 
thrown [s\open\src\hotspot\share\oops\constantPool.cpp, line 835]
Event: 66.445 Thread 0x0000021672342860 Exception <a 'java/lang/NoClassDefFoundError'{0x000000009101fa08}: liquibase/integration/spring/SpringLiquibase> (0x000000009101fa08) 
thrown [s\open\src\hotspot\share\oops\constantPool.cpp, line 835]
Event: 66.492 Thread 0x0000021672342860 Exception <a 'java/lang/NoClassDefFoundError'{0x00000000910aa018}: org/jooq/DSLContext> (0x00000000910aa018) 
thrown [s\open\src\hotspot\share\oops\constantPool.cpp, line 835]
Event: 66.499 Thread 0x0000021672342860 Exception <a 'java/lang/NoClassDefFoundError'{0x00000000910bce60}: org/springframework/batch/core/repository/JobRepository> (0x00000000910bce60) 
thrown [s\open\src\hotspot\share\oops\constantPool.cpp, line 835]
Event: 66.499 Thread 0x0000021672342860 Exception <a 'java/lang/NoClassDefFoundError'{0x00000000910bdf48}: org/quartz/Scheduler> (0x00000000910bdf48) 
thrown [s\open\src\hotspot\share\oops\constantPool.cpp, line 835]
Event: 66.499 Thread 0x0000021672342860 Exception <a 'java/lang/NoClassDefFoundError'{0x00000000910bf058}: org/springframework/session/jdbc/JdbcIndexedSessionRepository> (0x00000000910bf058) 
thrown [s\open\src\hotspot\share\oops\constantPool.cpp, line 835]
Event: 66.575 Thread 0x0000021672342860 Implicit null exception at 0x0000021607e22d0e to 0x0000021607e254f4
Event: 66.643 Thread 0x0000021672342860 Exception <a 'java/lang/ArrayIndexOutOfBoundsException'{0x0000000090e71ea8}: Index 28 out of bounds for length 28> (0x0000000090e71ea8) 
thrown [s\open\src\hotspot\share\interpreter\interpreterRuntime.cpp, line 428]
Event: 66.645 Thread 0x0000021672342860 Exception <a 'java/lang/ArrayIndexOutOfBoundsException'{0x0000000090e72c68}: Index 28 out of bounds for length 28> (0x0000000090e72c68) 
thrown [s\open\src\hotspot\share\interpreter\interpreterRuntime.cpp, line 428]
Event: 66.676 Thread 0x0000021672342860 Exception <a 'java/lang/ArrayIndexOutOfBoundsException'{0x0000000090eaa360}: Index 21 out of bounds for length 21> (0x0000000090eaa360) 
thrown [s\open\src\hotspot\share\interpreter\interpreterRuntime.cpp, line 428]
Event: 66.676 Thread 0x0000021672342860 Exception <a 'java/lang/ArrayIndexOutOfBoundsException'{0x0000000090eab120}: Index 21 out of bounds for length 21> (0x0000000090eab120) 
thrown [s\open\src\hotspot\share\interpreter\interpreterRuntime.cpp, line 428]
Event: 67.147 Thread 0x0000021672342860 Exception <a 'sun/nio/fs/WindowsException'{0x000000008eecdbe8}> (0x000000008eecdbe8) 
thrown [s\open\src\hotspot\share\prims\jni.cpp, line 516]
Event: 67.150 Thread 0x0000021672342860 Exception <a 'sun/nio/fs/WindowsException'{0x000000008eed3d78}> (0x000000008eed3d78) 
thrown [s\open\src\hotspot\share\prims\jni.cpp, line 516]
Event: 68.627 Thread 0x0000021672342860 Exception <a 'java/lang/reflect/InvocationTargetException'{0x000000008ee78150}> (0x000000008ee78150) 
thrown [s\open\src\hotspot\share\runtime\reflection.cpp, line 1121]
Event: 68.635 Thread 0x0000021672342860 Exception <a 'java/lang/reflect/InvocationTargetException'{0x000000008ee845c8}> (0x000000008ee845c8) 
thrown [s\open\src\hotspot\share\runtime\reflection.cpp, line 1121]
Event: 68.641 Thread 0x0000021672342860 Exception <a 'java/lang/reflect/InvocationTargetException'{0x000000008ee909d0}> (0x000000008ee909d0) 
thrown [s\open\src\hotspot\share\runtime\reflection.cpp, line 1121]
Event: 68.649 Thread 0x0000021672342860 Exception <a 'java/lang/reflect/InvocationTargetException'{0x000000008eea0638}> (0x000000008eea0638) 
thrown [s\open\src\hotspot\share\runtime\reflection.cpp, line 1121]

VM Operations (20 events):
Event: 66.006 Executing VM operation: G1Concurrent
Event: 66.025 Executing VM operation: G1Concurrent done
Event: 66.064 Executing VM operation: G1Concurrent
Event: 66.065 Executing VM operation: G1Concurrent done
Event: 67.071 Executing VM operation: Cleanup
Event: 67.071 Executing VM operation: Cleanup done
Event: 67.450 Executing VM operation: HandshakeAllThreads
Event: 67.450 Executing VM operation: HandshakeAllThreads done
Event: 67.517 Executing VM operation: HandshakeAllThreads
Event: 67.517 Executing VM operation: HandshakeAllThreads done
Event: 67.578 Executing VM operation: HandshakeAllThreads
Event: 67.582 Executing VM operation: HandshakeAllThreads done
Event: 67.696 Executing VM operation: G1CollectForAllocation
Event: 67.709 Executing VM operation: G1CollectForAllocation done
Event: 67.856 Executing VM operation: G1CollectForAllocation
Event: 67.877 Executing VM operation: G1CollectForAllocation done
Event: 68.878 Executing VM operation: Cleanup
Event: 68.897 Executing VM operation: Cleanup done
Event: 68.975 Executing VM operation: G1CollectForAllocation
Event: 69.003 Executing VM operation: G1CollectForAllocation done

Events (20 events):
Event: 67.604 Thread 0x00000216110a5580 flushing nmethod 0x000002160117f790
Event: 67.604 Thread 0x00000216110a5580 flushing nmethod 0x000002160117fc10
Event: 67.604 Thread 0x00000216110a5580 flushing nmethod 0x000002160118b410
Event: 67.604 Thread 0x00000216110a5580 flushing nmethod 0x000002160118b790
Event: 67.604 Thread 0x00000216110a5580 flushing nmethod 0x000002160118be90
Event: 67.605 Thread 0x00000216110a5580 flushing nmethod 0x0000021601191710
Event: 67.605 Thread 0x00000216110a5580 flushing nmethod 0x0000021601196790
Event: 67.605 Thread 0x00000216110a5580 flushing nmethod 0x0000021601197010
Event: 67.605 Thread 0x00000216110a5580 flushing nmethod 0x0000021601197790
Event: 67.605 Thread 0x00000216110a5580 flushing nmethod 0x0000021601197c10
Event: 67.605 Thread 0x00000216110a5580 flushing nmethod 0x0000021601198590
Event: 67.605 Thread 0x00000216110a5580 flushing nmethod 0x0000021601198b90
Event: 67.605 Thread 0x00000216110a5580 flushing nmethod 0x0000021601199a90
Event: 67.605 Thread 0x00000216110a5580 flushing nmethod 0x000002160119e290
Event: 67.605 Thread 0x00000216110a5580 flushing nmethod 0x00000216011a5590
Event: 67.605 Thread 0x00000216110a5580 flushing nmethod 0x00000216011b9390
Event: 67.605 Thread 0x00000216110a5580 flushing nmethod 0x00000216011dd510
Event: 67.605 Thread 0x00000216110a5580 flushing nmethod 0x00000216011e0f90
Event: 67.605 Thread 0x00000216110a5580 flushing nmethod 0x00000216011e4710
Event: 67.605 Thread 0x00000216110a5580 flushing nmethod 0x00000216011e6310


Dynamic libraries:
0x00007ff77e040000 - 0x00007ff77e050000 	C:\Program Files\Java\jdk-17.0.5\bin\java.exe
0x00007ff8fba90000 - 0x00007ff8fbca7000 	C:\WINDOWS\SYSTEM32\ntdll.dll
0x00007ff8f97a0000 - 0x00007ff8f9864000 	C:\WINDOWS\System32\KERNEL32.DLL
0x00007ff8f9050000 - 0x00007ff8f940a000 	C:\WINDOWS\System32\KERNELBASE.dll
0x00007ff8f8d70000 - 0x00007ff8f8e81000 	C:\WINDOWS\System32\ucrtbase.dll
0x00007ff8d6da0000 - 0x00007ff8d6db8000 	C:\Program Files\Java\jdk-17.0.5\bin\jli.dll
0x00007ff8fb520000 - 0x00007ff8fb5d2000 	C:\WINDOWS\System32\ADVAPI32.dll
0x00007ff8fb250000 - 0x00007ff8fb2f7000 	C:\WINDOWS\System32\msvcrt.dll
0x00007ff8fb120000 - 0x00007ff8fb1c7000 	C:\WINDOWS\System32\sechost.dll
0x00007ff8f9580000 - 0x00007ff8f95a8000 	C:\WINDOWS\System32\bcrypt.dll
0x00007ff8fb790000 - 0x00007ff8fb8a4000 	C:\WINDOWS\System32\RPCRT4.dll
0x00007ff8fb5e0000 - 0x00007ff8fb78e000 	C:\WINDOWS\System32\USER32.dll
0x00007ff8f9410000 - 0x00007ff8f9436000 	C:\WINDOWS\System32\win32u.dll
0x00007ff8f9870000 - 0x00007ff8f9899000 	C:\WINDOWS\System32\GDI32.dll
0x00007ff8f8e90000 - 0x00007ff8f8fab000 	C:\WINDOWS\System32\gdi32full.dll
0x00007ff8f8fb0000 - 0x00007ff8f904a000 	C:\WINDOWS\System32\msvcp_win.dll
0x00007ff8cd600000 - 0x00007ff8cd61a000 	C:\Program Files\Java\jdk-17.0.5\bin\VCRUNTIME140.dll
0x00007ff8eeef0000 - 0x00007ff8ef182000 	C:\WINDOWS\WinSxS\amd64_microsoft.windows.common-controls_6595b64144ccf1df_6.0.22621.4541_none_2710d1c57384c085\COMCTL32.dll
0x00007ff8f0140000 - 0x00007ff8f014a000 	C:\WINDOWS\SYSTEM32\VERSION.dll
0x00007ff8fb950000 - 0x00007ff8fb981000 	C:\WINDOWS\System32\IMM32.DLL
0x00007ff8d7d30000 - 0x00007ff8d7e91000 	C:\Program Files (x86)\Citrix\ICA Client\ctxapclient64.dll
0x00007ff8fa260000 - 0x00007ff8fa5ef000 	C:\WINDOWS\System32\combase.dll
0x00007ff8f7f30000 - 0x00007ff8f7f64000 	C:\WINDOWS\SYSTEM32\ntmarta.dll
0x00007ff8f9720000 - 0x00007ff8f979b000 	C:\WINDOWS\System32\bcryptprimitives.dll
0x00007ff8df6a0000 - 0x00007ff8df6da000 	C:\Program Files (x86)\Citrix\ICA Client\Receiver\FeatureFlagHelper64.dll
0x00007ff8e68b0000 - 0x00007ff8e68bc000 	C:\Program Files\Java\jdk-17.0.5\bin\vcruntime140_1.dll
0x00007ff887bf0000 - 0x00007ff887c7d000 	C:\Program Files\Java\jdk-17.0.5\bin\msvcp140.dll
0x00007ff834370000 - 0x00007ff834f32000 	C:\Program Files\Java\jdk-17.0.5\bin\server\jvm.dll
0x00007ff8fa7a0000 - 0x00007ff8fa7a8000 	C:\WINDOWS\System32\PSAPI.DLL
0x00007ff8e9fb0000 - 0x00007ff8e9fb9000 	C:\WINDOWS\SYSTEM32\WSOCK32.dll
0x00007ff8fb1d0000 - 0x00007ff8fb241000 	C:\WINDOWS\System32\WS2_32.dll
0x00007ff8f1270000 - 0x00007ff8f12a4000 	C:\WINDOWS\SYSTEM32\WINMM.dll
0x00007ff8f7e20000 - 0x00007ff8f7e38000 	C:\WINDOWS\SYSTEM32\kernel.appcore.dll
0x00007ff8e1e00000 - 0x00007ff8e1e0a000 	C:\Program Files\Java\jdk-17.0.5\bin\jimage.dll
0x00007ff8ef3f0000 - 0x00007ff8ef622000 	C:\WINDOWS\SYSTEM32\DBGHELP.DLL
0x00007ff8fb040000 - 0x00007ff8fb117000 	C:\WINDOWS\System32\OLEAUT32.dll
0x00007ff8e2610000 - 0x00007ff8e2642000 	C:\WINDOWS\SYSTEM32\dbgcore.DLL
0x00007ff8cd5d0000 - 0x00007ff8cd5f5000 	C:\Program Files\Java\jdk-17.0.5\bin\java.dll
0x00007ff8875e0000 - 0x00007ff8876b6000 	C:\Program Files\Java\jdk-17.0.5\bin\jsvml.dll
0x00007ff8fa7b0000 - 0x00007ff8fb028000 	C:\WINDOWS\System32\SHELL32.dll
0x00007ff8f6cb0000 - 0x00007ff8f75b8000 	C:\WINDOWS\SYSTEM32\windows.storage.dll
0x00007ff8f6b70000 - 0x00007ff8f6caf000 	C:\WINDOWS\SYSTEM32\wintypes.dll
0x00007ff8fb320000 - 0x00007ff8fb41a000 	C:\WINDOWS\System32\SHCORE.dll
0x0000021611010000 - 0x000002161106e000 	C:\WINDOWS\System32\shlwapi.dll
0x00007ff8f8ca0000 - 0x00007ff8f8ccb000 	C:\WINDOWS\SYSTEM32\profapi.dll
0x00007ff8af320000 - 0x00007ff8af339000 	C:\Program Files\Java\jdk-17.0.5\bin\net.dll
0x00007ff8f3460000 - 0x00007ff8f3596000 	C:\WINDOWS\SYSTEM32\WINHTTP.dll
0x00007ff8f82a0000 - 0x00007ff8f8309000 	C:\WINDOWS\system32\mswsock.dll
0x00007ff8aebb0000 - 0x00007ff8aebc6000 	C:\Program Files\Java\jdk-17.0.5\bin\nio.dll
0x00007ff8aeb90000 - 0x00007ff8aeba8000 	C:\Program Files\Java\jdk-17.0.5\bin\zip.dll
0x00007ff8f4110000 - 0x00007ff8f4119000 	C:\Program Files\Java\jdk-17.0.5\bin\management.dll
0x00007ff8ea580000 - 0x00007ff8ea58b000 	C:\Program Files\Java\jdk-17.0.5\bin\management_ext.dll
0x00007ff8ea150000 - 0x00007ff8ea15e000 	C:\Program Files\Java\jdk-17.0.5\bin\sunmscapi.dll
0x00007ff8f95b0000 - 0x00007ff8f9716000 	C:\WINDOWS\System32\CRYPT32.dll
0x00007ff8f8710000 - 0x00007ff8f873d000 	C:\WINDOWS\SYSTEM32\ncrypt.dll
0x00007ff8f86d0000 - 0x00007ff8f8707000 	C:\WINDOWS\SYSTEM32\NTASN1.dll
0x00007ff8f8500000 - 0x00007ff8f851b000 	C:\WINDOWS\SYSTEM32\CRYPTSP.dll
0x00007ff8f7d80000 - 0x00007ff8f7db5000 	C:\WINDOWS\system32\rsaenh.dll
0x00007ff8f8390000 - 0x00007ff8f83b8000 	C:\WINDOWS\SYSTEM32\USERENV.dll
0x00007ff8f84f0000 - 0x00007ff8f84fc000 	C:\WINDOWS\SYSTEM32\CRYPTBASE.dll
0x00007ff8f7810000 - 0x00007ff8f783d000 	C:\WINDOWS\SYSTEM32\IPHLPAPI.DLL
0x00007ff8fb030000 - 0x00007ff8fb039000 	C:\WINDOWS\System32\NSI.dll
0x00007ff8f1f10000 - 0x00007ff8f1f29000 	C:\WINDOWS\SYSTEM32\dhcpcsvc6.DLL
0x00007ff8f1e70000 - 0x00007ff8f1e8f000 	C:\WINDOWS\SYSTEM32\dhcpcsvc.DLL
0x00007ff8f7840000 - 0x00007ff8f7942000 	C:\WINDOWS\SYSTEM32\DNSAPI.dll
0x00007ff8ea560000 - 0x00007ff8ea570000 	C:\Program Files\Java\jdk-17.0.5\bin\verify.dll

dbghelp: loaded successfully - version: 4.0.5 - missing functions: none
symbol engine: initialized successfully - sym options: 0x614 - pdb path: .;C:\Program Files\Java\jdk-17.0.5\bin;C:\WINDOWS\SYSTEM32;C:\WINDOWS\WinSxS\amd64_microsoft.windows.common-controls_6595b64144ccf1df_6.0.22621.4541_none_2710d1c57384c085;C:\Program Files (x86)\Citrix\ICA Client;C:\Program Files (x86)\Citrix\ICA Client\Receiver;C:\Program Files\Java\jdk-17.0.5\bin\server

VM Arguments:
java_command: C:\Users\henei\AppData\Local\Temp\surefire10159847719559379089\surefirebooter-20241204142809267_3.jar C:\Users\henei\AppData\Local\Temp\surefire10159847719559379089 2024-12-04T14-28-07_478-jvmRun1 surefire-20241204142809267_1tmp surefire_0-20241204142809267_2tmp
java_class_path (initial): C:\Users\henei\AppData\Local\Temp\surefire10159847719559379089\surefirebooter-20241204142809267_3.jar
Launcher Type: SUN_STANDARD

[Global flags]
     intx CICompilerCount                          = 4                                         {product} {ergonomic}
     uint ConcGCThreads                            = 2                                         {product} {ergonomic}
     uint G1ConcRefinementThreads                  = 8                                         {product} {ergonomic}
   size_t G1HeapRegionSize                         = 1048576                                   {product} {ergonomic}
    uintx GCDrainStackTargetSize                   = 64                                        {product} {ergonomic}
   size_t InitialHeapSize                          = 123731968                                 {product} {ergonomic}
   size_t MarkStackSize                            = 4194304                                   {product} {ergonomic}
   size_t MaxHeapSize                              = 1967128576                                {product} {ergonomic}
   size_t MaxNewSize                               = 1179648000                                {product} {ergonomic}
   size_t MinHeapDeltaBytes                        = 1048576                                   {product} {ergonomic}
   size_t MinHeapSize                              = 8388608                                   {product} {ergonomic}
    uintx NonNMethodCodeHeapSize                   = 5839372                                {pd product} {ergonomic}
    uintx NonProfiledCodeHeapSize                  = 122909434                              {pd product} {ergonomic}
    uintx ProfiledCodeHeapSize                     = 122909434                              {pd product} {ergonomic}
    uintx ReservedCodeCacheSize                    = 251658240                              {pd product} {ergonomic}
     bool SegmentedCodeCache                       = true                                      {product} {ergonomic}
   size_t SoftMaxHeapSize                          = 1967128576                             {manageable} {ergonomic}
     bool UseCompressedClassPointers               = true                           {product lp64_product} {ergonomic}
     bool UseCompressedOops                        = true                           {product lp64_product} {ergonomic}
     bool UseG1GC                                  = true                                      {product} {ergonomic}
     bool UseLargePagesIndividualAllocation        = false                                  {pd product} {ergonomic}

Logging:
Log output configuration:
 #0: stdout all=warning uptime,level,tags
 #1: stderr all=off uptime,level,tags

Environment Variables:
PATH=C:\Program Files\Common Files\Oracle\Java\javapath;C:\WINDOWS\system32;C:\WINDOWS;C:\WINDOWS\System32\Wbem;C:\WINDOWS\System32\WindowsPowerShell\v1.0\;C:\WINDOWS\System32\OpenSSH\;C:\Program Files\Microsoft SQL Server\Client SDK\ODBC\170\Tools\Binn\;C:\Program Files (x86)\Microsoft SQL Server\150\Tools\Binn\;C:\Program Files\Microsoft SQL Server\150\Tools\Binn\;C:\Program Files\Microsoft SQL Server\150\DTS\Binn\;C:\Program Files (x86)\Microsoft SQL Server\160\DTS\Binn\;C:\Program Files\Azure Data Studio\bin;C:\Program Files\nodejs\;C:\Program Files\PuTTY\;C:\Program Files\HP\HP One Agent;C:\Program Files\Git\cmd;C:\Python312\Scripts\;C:\Python312\;C:\Users\henei\AppData\Local\Microsoft\WindowsApps;C:\Users\henei\AppData\Local\Programs\Microsoft VS Code\bin;C:\Users\henei\AppData\Roaming\npm
USERNAME=henei
LANG=en_US.UTF-8
OS=Windows_NT
PROCESSOR_IDENTIFIER=AMD64 Family 23 Model 104 Stepping 1, AuthenticAMD



---------------  S Y S T E M  ---------------

OS:
 Windows 11 , 64 bit Build 22621 (10.0.22621.4391)
OS uptime: 2 days 1:50 hours

CPU: total 8 (initial active 8) (8 cores per cpu, 2 threads per core) family 23 model 104 stepping 1 microcode 0x0, cx8, cmov, fxsr, ht, mmx, 3dnowpref, sse, sse2, sse3, ssse3, sse4a, sse4.1, sse4.2, popcnt, lzcnt, tsc, tscinvbit, avx, avx2, aes, clmul, bmi1, bmi2, adx, sha, fma, vzeroupper, clflush, clflushopt

Memory: 4k page, system-wide physical 7502M (367M free)
TotalPageFile size 30030M (AvailPageFile size 19M)
current process WorkingSet (physical memory assigned to process): 325M, peak: 326M
current process commit charge ("private bytes"): 441M, peak: 441M

vm_info: Java HotSpot(TM) 64-Bit Server VM (17.0.5+9-LTS-191) for windows-amd64 JRE (17.0.5+9-LTS-191), built on Sep 13 2022 17:31:43 by "mach5one" with MS VC++ 16.8 / 16.9 (VS2019)

END.
