#
# There is insufficient memory for the Java Runtime Environment to continue.
# Native memory allocation (malloc) failed to allocate 884944 bytes for Chunk::new
# Possible reasons:
#   The system is out of physical RAM or swap space
#   The process is running with CompressedOops enabled, and the Java Heap may be blocking the growth of the native heap
# Possible solutions:
#   Reduce memory load on the system
#   Increase physical memory or swap space
#   Check if swap backing store is full
#   Decrease Java heap size (-Xmx/-Xms)
#   Decrease number of Java threads
#   Decrease Java thread stack sizes (-Xss)
#   Set larger code cache with -XX:ReservedCodeCacheSize=
#   JVM is running with Unscaled Compressed Oops mode in which the Java heap is
#     placed in the first 4GB address space. The Java Heap base address is the
#     maximum limit for the native heap growth. Please use -XX:HeapBaseMinAddress
#     to set the Java Heap base and to place the Java Heap above 4GB virtual address.
# This output file may be truncated or incomplete.
#
#  Out of Memory Error (arena.cpp:189), pid=29344, tid=26312
#
# JRE version: Java(TM) SE Runtime Environment (17.0.5+9) (build 17.0.5+9-LTS-191)
# Java VM: Java HotSpot(TM) 64-Bit Server VM (17.0.5+9-LTS-191, mixed mode, sharing, tiered, compressed oops, compressed class ptrs, g1 gc, windows-amd64)
# No core dump will be written. Minidumps are not enabled by default on client versions of Windows
#

---------------  S U M M A R Y ------------

Command Line: C:\Users\henei\AppData\Local\Temp\surefire15055539064540533057\surefirebooter-20241204142536034_3.jar C:\Users\henei\AppData\Local\Temp\surefire15055539064540533057 2024-12-04T14-25-35_379-jvmRun1 surefire-20241204142536034_1tmp surefire_0-20241204142536034_2tmp

Host: AMD Ryzen 3 5300U with Radeon Graphics         , 8 cores, 7G,  Windows 11 , 64 bit Build 22621 (10.0.22621.4391)
Time: Wed Dec  4 14:26:02 2024 FLE Standard Time elapsed time: 26.035971 seconds (0d 0h 0m 26s)

---------------  T H R E A D  ---------------

Current thread (0x000001ad547883e0):  JavaThread "C2 CompilerThread0" daemon [_thread_in_native, id=26312, stack(0x00000048ce800000,0x00000048ce900000)]


Current CompileTask:
C2:  26036 4392   !   4       java.util.zip.ZipFile::getInputStream (275 bytes)

Stack: [0x00000048ce800000,0x00000048ce900000]
Native frames: (J=compiled Java code, j=interpreted, Vv=VM code, C=native code)
V  [jvm.dll+0x672eea]
V  [jvm.dll+0x7d2a04]
V  [jvm.dll+0x7d41ae]
V  [jvm.dll+0x7d4813]
V  [jvm.dll+0x242c15]
V  [jvm.dll+0xaa57b]
V  [jvm.dll+0xaab0c]
V  [jvm.dll+0x35ff97]
V  [jvm.dll+0x1b9ae8]
V  [jvm.dll+0x215e19]
V  [jvm.dll+0x2150e1]
V  [jvm.dll+0x1a18ed]
V  [jvm.dll+0x22493a]
V  [jvm.dll+0x222aa5]
V  [jvm.dll+0x7885db]
V  [jvm.dll+0x782b4a]
V  [jvm.dll+0x671d75]
C  [ucrtbase.dll+0x29333]
C  [KERNEL32.DLL+0x1259d]
C  [ntdll.dll+0x5af38]


---------------  P R O C E S S  ---------------

Threads class SMR info:
_java_thread_list=0x000001ad5672c610, length=16, elements={
0x000001ad36c35a70, 0x000001ad5476ce10, 0x000001ad5476da80, 0x000001ad54782a60,
0x000001ad54785420, 0x000001ad54785dd0, 0x000001ad54786780, 0x000001ad547883e0,
0x000001ad547874b0, 0x000001ad54791490, 0x000001ad550fa160, 0x000001ad550fca80,
0x000001ad556818f0, 0x000001ad554ba1f0, 0x000001ad566263d0, 0x000001ad56626d70
}

Java Threads: ( => current thread )
  0x000001ad36c35a70 JavaThread "main" [_thread_in_Java, id=24828, stack(0x00000048cda00000,0x00000048cdb00000)]
  0x000001ad5476ce10 JavaThread "Reference Handler" daemon [_thread_blocked, id=14216, stack(0x00000048ce200000,0x00000048ce300000)]
  0x000001ad5476da80 JavaThread "Finalizer" daemon [_thread_blocked, id=30416, stack(0x00000048ce300000,0x00000048ce400000)]
  0x000001ad54782a60 JavaThread "Signal Dispatcher" daemon [_thread_blocked, id=28512, stack(0x00000048ce400000,0x00000048ce500000)]
  0x000001ad54785420 JavaThread "Attach Listener" daemon [_thread_blocked, id=1392, stack(0x00000048ce500000,0x00000048ce600000)]
  0x000001ad54785dd0 JavaThread "Service Thread" daemon [_thread_blocked, id=30288, stack(0x00000048ce600000,0x00000048ce700000)]
  0x000001ad54786780 JavaThread "Monitor Deflation Thread" daemon [_thread_blocked, id=19168, stack(0x00000048ce700000,0x00000048ce800000)]
=>0x000001ad547883e0 JavaThread "C2 CompilerThread0" daemon [_thread_in_native, id=26312, stack(0x00000048ce800000,0x00000048ce900000)]
  0x000001ad547874b0 JavaThread "C1 CompilerThread0" daemon [_thread_blocked, id=22076, stack(0x00000048ce900000,0x00000048cea00000)]
  0x000001ad54791490 JavaThread "Sweeper thread" daemon [_thread_blocked, id=28892, stack(0x00000048cea00000,0x00000048ceb00000)]
  0x000001ad550fa160 JavaThread "Notification Thread" daemon [_thread_blocked, id=11724, stack(0x00000048ceb00000,0x00000048cec00000)]
  0x000001ad550fca80 JavaThread "Common-Cleaner" daemon [_thread_blocked, id=29308, stack(0x00000048ced00000,0x00000048cee00000)]
  0x000001ad556818f0 JavaThread "surefire-forkedjvm-stream-flusher" daemon [_thread_blocked, id=15092, stack(0x00000048cee00000,0x00000048cef00000)]
  0x000001ad554ba1f0 JavaThread "surefire-forkedjvm-command-thread" daemon [_thread_in_native, id=24016, stack(0x00000048cef00000,0x00000048cf000000)]
  0x000001ad566263d0 JavaThread "HikariPool-1 housekeeper" daemon [_thread_blocked, id=28932, stack(0x00000048cf800000,0x00000048cf900000)]
  0x000001ad56626d70 JavaThread "HikariPool-1 connection adder" daemon [_thread_blocked, id=15260, stack(0x00000048cfa00000,0x00000048cfb00000)]

Other Threads:
  0x000001ad54765f00 VMThread "VM Thread" [stack: 0x00000048ce100000,0x00000048ce200000] [id=30392]
  0x000001ad550fc640 WatcherThread [stack: 0x00000048cec00000,0x00000048ced00000] [id=30352]
  0x000001ad36c8a6b0 GCTaskThread "GC Thread#0" [stack: 0x00000048cdc00000,0x00000048cdd00000] [id=3380]
  0x000001ad55c89e60 GCTaskThread "GC Thread#1" [stack: 0x00000048cf000000,0x00000048cf100000] [id=26736]
  0x000001ad55d2a160 GCTaskThread "GC Thread#2" [stack: 0x00000048cf100000,0x00000048cf200000] [id=30112]
  0x000001ad55d2ac20 GCTaskThread "GC Thread#3" [stack: 0x00000048cf200000,0x00000048cf300000] [id=14384]
  0x000001ad55d2aed0 GCTaskThread "GC Thread#4" [stack: 0x00000048cf300000,0x00000048cf400000] [id=29244]
  0x000001ad55d2b180 GCTaskThread "GC Thread#5" [stack: 0x00000048cf400000,0x00000048cf500000] [id=30084]
  0x000001ad55d2bc40 GCTaskThread "GC Thread#6" [stack: 0x00000048cf500000,0x00000048cf600000] [id=18084]
  0x000001ad55d2df00 GCTaskThread "GC Thread#7" [stack: 0x00000048cf600000,0x00000048cf700000] [id=28340]
  0x000001ad36c9a070 ConcurrentGCThread "G1 Main Marker" [stack: 0x00000048cdd00000,0x00000048cde00000] [id=21868]
  0x000001ad36c9c070 ConcurrentGCThread "G1 Conc#0" [stack: 0x00000048cde00000,0x00000048cdf00000] [id=21512]
  0x000001ad57fe8fb0 ConcurrentGCThread "G1 Conc#1" [stack: 0x00000048cf900000,0x00000048cfa00000] [id=29076]
  0x000001ad36cceca0 ConcurrentGCThread "G1 Refine#0" [stack: 0x00000048cdf00000,0x00000048ce000000] [id=4540]
  0x000001ad55d04430 ConcurrentGCThread "G1 Refine#1" [stack: 0x00000048cf700000,0x00000048cf800000] [id=6224]
  0x000001ad5461e890 ConcurrentGCThread "G1 Service" [stack: 0x00000048ce000000,0x00000048ce100000] [id=9196]

Threads with active compile tasks:
C2 CompilerThread0    26123 4392   !   4       java.util.zip.ZipFile::getInputStream (275 bytes)

VM state: not at safepoint (normal execution)

VM Mutex/Monitor currently owned by a thread: None

Heap address: 0x000000008ac00000, size: 1876 MB, Compressed Oops mode: 32-bit

CDS archive(s) mapped at: [0x0000000800000000-0x0000000800bd0000-0x0000000800bd0000), size 12386304, SharedBaseAddress: 0x0000000800000000, ArchiveRelocationMode: 0.
Compressed class space mapped at: 0x0000000800c00000-0x0000000840c00000, reserved size: 1073741824
Narrow klass base: 0x0000000800000000, Narrow klass shift: 0, Narrow klass range: 0x100000000

GC Precious Log:
 CPUs: 8 total, 8 available
 Memory: 7502M
 Large Page Support: Disabled
 NUMA Support: Disabled
 Compressed Oops: Enabled (32-bit)
 Heap Region Size: 1M
 Heap Min Capacity: 8M
 Heap Initial Capacity: 118M
 Heap Max Capacity: 1876M
 Pre-touch: Disabled
 Parallel Workers: 8
 Concurrent Workers: 2
 Concurrent Refinement Workers: 8
 Periodic GC: Disabled

Heap:
 garbage-first heap   total 61440K, used 39918K [0x000000008ac00000, 0x0000000100000000)
  region size 1024K, 19 young (19456K), 3 survivors (3072K)
 Metaspace       used 43880K, committed 44288K, reserved 1089536K
  class space    used 5687K, committed 5888K, reserved 1048576K

Heap Regions: E=young(eden), S=young(survivor), O=old, HS=humongous(starts), HC=humongous(continues), CS=collection set, F=free, OA=open archive, CA=closed archive, TAMS=top-at-mark-start (previous, next)
|   0|0x000000008ac00000, 0x000000008ad00000, 0x000000008ad00000|100%|HS|  |TAMS 0x000000008ad00000, 0x000000008ac00000| Complete 
|   1|0x000000008ad00000, 0x000000008ae00000, 0x000000008ae00000|100%| O|  |TAMS 0x000000008ae00000, 0x000000008ad00000| Untracked 
|   2|0x000000008ae00000, 0x000000008af00000, 0x000000008af00000|100%| O|  |TAMS 0x000000008af00000, 0x000000008ae00000| Untracked 
|   3|0x000000008af00000, 0x000000008b000000, 0x000000008b000000|100%| O|  |TAMS 0x000000008b000000, 0x000000008af00000| Untracked 
|   4|0x000000008b000000, 0x000000008b100000, 0x000000008b100000|100%| O|  |TAMS 0x000000008b100000, 0x000000008b000000| Untracked 
|   5|0x000000008b100000, 0x000000008b200000, 0x000000008b200000|100%| O|  |TAMS 0x000000008b200000, 0x000000008b100000| Untracked 
|   6|0x000000008b200000, 0x000000008b300000, 0x000000008b300000|100%| O|  |TAMS 0x000000008b300000, 0x000000008b200000| Untracked 
|   7|0x000000008b300000, 0x000000008b400000, 0x000000008b400000|100%| O|  |TAMS 0x000000008b400000, 0x000000008b300000| Untracked 
|   8|0x000000008b400000, 0x000000008b4c3a00, 0x000000008b500000| 76%| O|  |TAMS 0x000000008b4c3a00, 0x000000008b400000| Untracked 
|   9|0x000000008b500000, 0x000000008b600000, 0x000000008b600000|100%| O|  |TAMS 0x000000008b600000, 0x000000008b500000| Untracked 
|  10|0x000000008b600000, 0x000000008b700000, 0x000000008b700000|100%| O|  |TAMS 0x000000008b700000, 0x000000008b600000| Untracked 
|  11|0x000000008b700000, 0x000000008b800000, 0x000000008b800000|100%| O|  |TAMS 0x000000008b800000, 0x000000008b700000| Untracked 
|  12|0x000000008b800000, 0x000000008b900000, 0x000000008b900000|100%| O|  |TAMS 0x000000008b900000, 0x000000008b800000| Untracked 
|  13|0x000000008b900000, 0x000000008ba00000, 0x000000008ba00000|100%| O|  |TAMS 0x000000008ba00000, 0x000000008b900000| Untracked 
|  14|0x000000008ba00000, 0x000000008bb00000, 0x000000008bb00000|100%| O|  |TAMS 0x000000008bb00000, 0x000000008ba00000| Untracked 
|  15|0x000000008bb00000, 0x000000008bc00000, 0x000000008bc00000|100%| O|  |TAMS 0x000000008bc00000, 0x000000008bb00000| Untracked 
|  16|0x000000008bc00000, 0x000000008bd00000, 0x000000008bd00000|100%| O|  |TAMS 0x000000008bd00000, 0x000000008bc00000| Untracked 
|  17|0x000000008bd00000, 0x000000008be00000, 0x000000008be00000|100%| O|  |TAMS 0x000000008be00000, 0x000000008bd00000| Untracked 
|  18|0x000000008be00000, 0x000000008bf00000, 0x000000008bf00000|100%| O|  |TAMS 0x000000008bea0400, 0x000000008be00000| Untracked 
|  19|0x000000008bf00000, 0x000000008c000000, 0x000000008c000000|100%| O|  |TAMS 0x000000008bf00000, 0x000000008bf00000| Untracked 
|  20|0x000000008c000000, 0x000000008c100000, 0x000000008c100000|100%| O|  |TAMS 0x000000008c100000, 0x000000008c000000| Untracked 
|  21|0x000000008c100000, 0x000000008c200000, 0x000000008c200000|100%| O|  |TAMS 0x000000008c100000, 0x000000008c100000| Untracked 
|  22|0x000000008c200000, 0x000000008c26b200, 0x000000008c300000| 41%| O|  |TAMS 0x000000008c200000, 0x000000008c200000| Untracked 
|  23|0x000000008c300000, 0x000000008c300000, 0x000000008c400000|  0%| F|  |TAMS 0x000000008c300000, 0x000000008c300000| Untracked 
|  24|0x000000008c400000, 0x000000008c400000, 0x000000008c500000|  0%| F|  |TAMS 0x000000008c400000, 0x000000008c400000| Untracked 
|  25|0x000000008c500000, 0x000000008c500000, 0x000000008c600000|  0%| F|  |TAMS 0x000000008c500000, 0x000000008c500000| Untracked 
|  26|0x000000008c600000, 0x000000008c600000, 0x000000008c700000|  0%| F|  |TAMS 0x000000008c600000, 0x000000008c600000| Untracked 
|  27|0x000000008c700000, 0x000000008c700000, 0x000000008c800000|  0%| F|  |TAMS 0x000000008c700000, 0x000000008c700000| Untracked 
|  28|0x000000008c800000, 0x000000008c800000, 0x000000008c900000|  0%| F|  |TAMS 0x000000008c800000, 0x000000008c800000| Untracked 
|  29|0x000000008c900000, 0x000000008c900000, 0x000000008ca00000|  0%| F|  |TAMS 0x000000008c900000, 0x000000008c900000| Untracked 
|  30|0x000000008ca00000, 0x000000008ca00000, 0x000000008cb00000|  0%| F|  |TAMS 0x000000008ca00000, 0x000000008ca00000| Untracked 
|  31|0x000000008cb00000, 0x000000008cb00000, 0x000000008cc00000|  0%| F|  |TAMS 0x000000008cb00000, 0x000000008cb00000| Untracked 
|  32|0x000000008cc00000, 0x000000008cc00000, 0x000000008cd00000|  0%| F|  |TAMS 0x000000008cc00000, 0x000000008cc00000| Untracked 
|  33|0x000000008cd00000, 0x000000008cdccfa0, 0x000000008ce00000| 80%| S|CS|TAMS 0x000000008cd00000, 0x000000008cd00000| Complete 
|  34|0x000000008ce00000, 0x000000008cf00000, 0x000000008cf00000|100%| S|CS|TAMS 0x000000008ce00000, 0x000000008ce00000| Complete 
|  35|0x000000008cf00000, 0x000000008d000000, 0x000000008d000000|100%| S|CS|TAMS 0x000000008cf00000, 0x000000008cf00000| Complete 
|  36|0x000000008d000000, 0x000000008d000000, 0x000000008d100000|  0%| F|  |TAMS 0x000000008d000000, 0x000000008d000000| Untracked 
|  37|0x000000008d100000, 0x000000008d100000, 0x000000008d200000|  0%| F|  |TAMS 0x000000008d100000, 0x000000008d100000| Untracked 
|  38|0x000000008d200000, 0x000000008d200000, 0x000000008d300000|  0%| F|  |TAMS 0x000000008d200000, 0x000000008d200000| Untracked 
|  39|0x000000008d300000, 0x000000008d300000, 0x000000008d400000|  0%| F|  |TAMS 0x000000008d300000, 0x000000008d300000| Untracked 
|  40|0x000000008d400000, 0x000000008d400000, 0x000000008d500000|  0%| F|  |TAMS 0x000000008d400000, 0x000000008d400000| Untracked 
|  41|0x000000008d500000, 0x000000008d500000, 0x000000008d600000|  0%| F|  |TAMS 0x000000008d500000, 0x000000008d500000| Untracked 
|  42|0x000000008d600000, 0x000000008d600000, 0x000000008d700000|  0%| F|  |TAMS 0x000000008d600000, 0x000000008d600000| Untracked 
|  43|0x000000008d700000, 0x000000008d700000, 0x000000008d800000|  0%| F|  |TAMS 0x000000008d700000, 0x000000008d700000| Untracked 
|  44|0x000000008d800000, 0x000000008d8d27d8, 0x000000008d900000| 82%| E|  |TAMS 0x000000008d800000, 0x000000008d800000| Complete 
|  45|0x000000008d900000, 0x000000008da00000, 0x000000008da00000|100%| E|CS|TAMS 0x000000008d900000, 0x000000008d900000| Complete 
|  46|0x000000008da00000, 0x000000008db00000, 0x000000008db00000|100%| E|CS|TAMS 0x000000008da00000, 0x000000008da00000| Complete 
|  47|0x000000008db00000, 0x000000008dc00000, 0x000000008dc00000|100%| E|CS|TAMS 0x000000008db00000, 0x000000008db00000| Complete 
|  48|0x000000008dc00000, 0x000000008dd00000, 0x000000008dd00000|100%| E|CS|TAMS 0x000000008dc00000, 0x000000008dc00000| Complete 
|  49|0x000000008dd00000, 0x000000008de00000, 0x000000008de00000|100%| E|CS|TAMS 0x000000008dd00000, 0x000000008dd00000| Complete 
|  50|0x000000008de00000, 0x000000008df00000, 0x000000008df00000|100%| E|CS|TAMS 0x000000008de00000, 0x000000008de00000| Complete 
|  51|0x000000008df00000, 0x000000008e000000, 0x000000008e000000|100%| E|CS|TAMS 0x000000008df00000, 0x000000008df00000| Complete 
|  52|0x000000008e000000, 0x000000008e100000, 0x000000008e100000|100%| E|CS|TAMS 0x000000008e000000, 0x000000008e000000| Complete 
|  53|0x000000008e100000, 0x000000008e200000, 0x000000008e200000|100%| E|CS|TAMS 0x000000008e100000, 0x000000008e100000| Complete 
|  99|0x0000000090f00000, 0x0000000091000000, 0x0000000091000000|100%| E|CS|TAMS 0x0000000090f00000, 0x0000000090f00000| Complete 
| 100|0x0000000091000000, 0x0000000091100000, 0x0000000091100000|100%| E|  |TAMS 0x0000000091000000, 0x0000000091000000| Complete 
| 101|0x0000000091100000, 0x0000000091200000, 0x0000000091200000|100%| E|CS|TAMS 0x0000000091100000, 0x0000000091100000| Complete 
| 102|0x0000000091200000, 0x0000000091300000, 0x0000000091300000|100%| E|CS|TAMS 0x0000000091200000, 0x0000000091200000| Complete 
| 103|0x0000000091300000, 0x0000000091400000, 0x0000000091400000|100%| E|CS|TAMS 0x0000000091300000, 0x0000000091300000| Complete 
| 117|0x0000000092100000, 0x0000000092200000, 0x0000000092200000|100%| E|CS|TAMS 0x0000000092100000, 0x0000000092100000| Complete 

Card table byte_map: [0x000001ad4db50000,0x000001ad4df00000] _byte_map_base: 0x000001ad4d6fa000

Marking Bits (Prev, Next): (CMBitMap*) 0x000001ad36c8acc0, (CMBitMap*) 0x000001ad36c8ad00
 Prev Bits: [0x000001ad4e2b0000, 0x000001ad50000000)
 Next Bits: [0x000001ad50000000, 0x000001ad51d50000)

Polling page: 0x000001ad34a30000

Metaspace:

Usage:
  Non-class:     37.30 MB used.
      Class:      5.55 MB used.
       Both:     42.86 MB used.

Virtual space:
  Non-class space:       40.00 MB reserved,      37.50 MB ( 94%) committed,  5 nodes.
      Class space:        1.00 GB reserved,       5.75 MB ( <1%) committed,  1 nodes.
             Both:        1.04 GB reserved,      43.25 MB (  4%) committed. 

Chunk freelists:
   Non-Class:  1.73 MB
       Class:  2.22 MB
        Both:  3.95 MB

MaxMetaspaceSize: unlimited
CompressedClassSpaceSize: 1.00 GB
Initial GC threshold: 21.00 MB
Current GC threshold: 59.00 MB
CDS: on
MetaspaceReclaimPolicy: balanced
 - commit_granule_bytes: 65536.
 - commit_granule_words: 8192.
 - virtual_space_node_default_size: 1048576.
 - enlarge_chunks_in_place: 1.
 - new_chunks_are_fully_committed: 0.
 - uncommit_free_chunks: 1.
 - use_allocation_guard: 0.
 - handle_deallocations: 1.


Internal statistics:

num_allocs_failed_limit: 6.
num_arena_births: 496.
num_arena_deaths: 0.
num_vsnodes_births: 6.
num_vsnodes_deaths: 0.
num_space_committed: 692.
num_space_uncommitted: 0.
num_chunks_returned_to_freelist: 6.
num_chunks_taken_from_freelist: 2156.
num_chunk_merges: 6.
num_chunk_splits: 1514.
num_chunks_enlarged: 1139.
num_purges: 0.
num_inconsistent_stats: 0.

CodeHeap 'non-profiled nmethods': size=120000Kb used=1856Kb max_used=2383Kb free=118143Kb
 bounds [0x000001ad45f40000, 0x000001ad461b0000, 0x000001ad4d470000]
CodeHeap 'profiled nmethods': size=120000Kb used=7987Kb max_used=10058Kb free=112012Kb
 bounds [0x000001ad3ea10000, 0x000001ad3f3f0000, 0x000001ad45f40000]
CodeHeap 'non-nmethods': size=5760Kb used=1246Kb max_used=1292Kb free=4513Kb
 bounds [0x000001ad3e470000, 0x000001ad3e6e0000, 0x000001ad3ea10000]
 total_blobs=4396 nmethods=3836 adapters=472
 compilation: enabled
              stopped_count=0, restarted_count=0
 full_count=0

Compilation events (20 events):
Event: 25.726 Thread 0x000001ad547874b0 4491       3       java.nio.file.Files$AcceptAllFilter::accept (9 bytes)
Event: 25.727 Thread 0x000001ad547874b0 nmethod 4491 0x000001ad3eb52510 code [0x000001ad3eb526c0, 0x000001ad3eb52938]
Event: 25.727 Thread 0x000001ad547874b0 4492       3       sun.nio.fs.WindowsDirectoryStream$WindowsDirectoryIterator::next (5 bytes)
Event: 25.727 Thread 0x000001ad547874b0 nmethod 4492 0x000001ad3ead1f10 code [0x000001ad3ead20a0, 0x000001ad3ead21e8]
Event: 25.727 Thread 0x000001ad547874b0 4493  s    3       sun.nio.fs.WindowsDirectoryStream$WindowsDirectoryIterator::next (48 bytes)
Event: 25.728 Thread 0x000001ad547874b0 nmethod 4493 0x000001ad3ed09b90 code [0x000001ad3ed09d60, 0x000001ad3ed0a118]
Event: 25.733 Thread 0x000001ad547874b0 4494       3       sun.nio.fs.WindowsPath$WindowsPathWithAttributes::<init> (23 bytes)
Event: 25.734 Thread 0x000001ad547874b0 nmethod 4494 0x000001ad3ea87690 code [0x000001ad3ea87880, 0x000001ad3ea87ed8]
Event: 25.737 Thread 0x000001ad547874b0 4495       3       java.util.concurrent.atomic.AtomicLong::compareAndSet (13 bytes)
Event: 25.738 Thread 0x000001ad547874b0 nmethod 4495 0x000001ad3eb08b90 code [0x000001ad3eb08d20, 0x000001ad3eb08e58]
Event: 25.754 Thread 0x000001ad547874b0 4496       3       java.util.Random::nextBoolean (14 bytes)
Event: 25.755 Thread 0x000001ad547874b0 nmethod 4496 0x000001ad3ed15d10 code [0x000001ad3ed15ec0, 0x000001ad3ed160e8]
Event: 25.755 Thread 0x000001ad547874b0 4497       3       java.util.Random::next (47 bytes)
Event: 25.755 Thread 0x000001ad547874b0 nmethod 4497 0x000001ad3eb2a590 code [0x000001ad3eb2a740, 0x000001ad3eb2a9c8]
Event: 25.925 Thread 0x000001ad547874b0 4500       3       jdk.internal.misc.Unsafe::putIntUnaligned (14 bytes)
Event: 25.926 Thread 0x000001ad547874b0 nmethod 4500 0x000001ad3eb5dd10 code [0x000001ad3eb5dec0, 0x000001ad3eb5e118]
Event: 25.926 Thread 0x000001ad547874b0 4501       3       jdk.internal.misc.Unsafe::putIntUnaligned (79 bytes)
Event: 25.927 Thread 0x000001ad547874b0 nmethod 4501 0x000001ad3f03d690 code [0x000001ad3f03d860, 0x000001ad3f03dc18]
Event: 25.927 Thread 0x000001ad547874b0 4502       3       java.lang.invoke.VarHandleGuards::guard_LII_V (137 bytes)
Event: 25.932 Thread 0x000001ad547874b0 nmethod 4502 0x000001ad3eafd910 code [0x000001ad3eafdd60, 0x000001ad3eb00978]

GC Heap History (20 events):
Event: 4.076 GC heap before
{Heap before GC invocations=1 (full 0):
 garbage-first heap   total 120832K, used 29856K [0x000000008ac00000, 0x0000000100000000)
  region size 1024K, 24 young (24576K), 3 survivors (3072K)
 Metaspace       used 10038K, committed 10240K, reserved 1064960K
  class space    used 1246K, committed 1344K, reserved 1048576K
}
Event: 4.093 GC heap after
{Heap after GC invocations=2 (full 0):
 garbage-first heap   total 120832K, used 10791K [0x000000008ac00000, 0x0000000100000000)
  region size 1024K, 2 young (2048K), 2 survivors (2048K)
 Metaspace       used 10038K, committed 10240K, reserved 1064960K
  class space    used 1246K, committed 1344K, reserved 1048576K
}
Event: 7.562 GC heap before
{Heap before GC invocations=2 (full 0):
 garbage-first heap   total 120832K, used 50727K [0x000000008ac00000, 0x0000000100000000)
  region size 1024K, 42 young (43008K), 2 survivors (2048K)
 Metaspace       used 19184K, committed 19520K, reserved 1073152K
  class space    used 2462K, committed 2624K, reserved 1048576K
}
Event: 7.571 GC heap after
{Heap after GC invocations=3 (full 0):
 garbage-first heap   total 120832K, used 12656K [0x000000008ac00000, 0x0000000100000000)
  region size 1024K, 4 young (4096K), 4 survivors (4096K)
 Metaspace       used 19184K, committed 19520K, reserved 1073152K
  class space    used 2462K, committed 2624K, reserved 1048576K
}
Event: 8.404 GC heap before
{Heap before GC invocations=3 (full 0):
 garbage-first heap   total 120832K, used 25968K [0x000000008ac00000, 0x0000000100000000)
  region size 1024K, 18 young (18432K), 4 survivors (4096K)
 Metaspace       used 21269K, committed 21504K, reserved 1073152K
  class space    used 2832K, committed 2944K, reserved 1048576K
}
Event: 8.419 GC heap after
{Heap after GC invocations=4 (full 0):
 garbage-first heap   total 120832K, used 13828K [0x000000008ac00000, 0x0000000100000000)
  region size 1024K, 5 young (5120K), 5 survivors (5120K)
 Metaspace       used 21269K, committed 21504K, reserved 1073152K
  class space    used 2832K, committed 2944K, reserved 1048576K
}
Event: 9.872 GC heap before
{Heap before GC invocations=5 (full 0):
 garbage-first heap   total 51200K, used 38404K [0x000000008ac00000, 0x0000000100000000)
  region size 1024K, 30 young (30720K), 5 survivors (5120K)
 Metaspace       used 25058K, committed 25408K, reserved 1073152K
  class space    used 3320K, committed 3520K, reserved 1048576K
}
Event: 9.893 GC heap after
{Heap after GC invocations=6 (full 0):
 garbage-first heap   total 51200K, used 16938K [0x000000008ac00000, 0x0000000100000000)
  region size 1024K, 4 young (4096K), 4 survivors (4096K)
 Metaspace       used 25058K, committed 25408K, reserved 1073152K
  class space    used 3320K, committed 3520K, reserved 1048576K
}
Event: 11.917 GC heap before
{Heap before GC invocations=6 (full 0):
 garbage-first heap   total 51200K, used 35370K [0x000000008ac00000, 0x0000000100000000)
  region size 1024K, 22 young (22528K), 4 survivors (4096K)
 Metaspace       used 26211K, committed 26496K, reserved 1073152K
  class space    used 3447K, committed 3584K, reserved 1048576K
}
Event: 11.934 GC heap after
{Heap after GC invocations=7 (full 0):
 garbage-first heap   total 51200K, used 19016K [0x000000008ac00000, 0x0000000100000000)
  region size 1024K, 2 young (2048K), 2 survivors (2048K)
 Metaspace       used 26211K, committed 26496K, reserved 1073152K
  class space    used 3447K, committed 3584K, reserved 1048576K
}
Event: 13.997 GC heap before
{Heap before GC invocations=7 (full 0):
 garbage-first heap   total 51200K, used 36424K [0x000000008ac00000, 0x0000000100000000)
  region size 1024K, 20 young (20480K), 2 survivors (2048K)
 Metaspace       used 28399K, committed 28736K, reserved 1081344K
  class space    used 3712K, committed 3904K, reserved 1048576K
}
Event: 14.010 GC heap after
{Heap after GC invocations=8 (full 0):
 garbage-first heap   total 51200K, used 19843K [0x000000008ac00000, 0x0000000100000000)
  region size 1024K, 3 young (3072K), 3 survivors (3072K)
 Metaspace       used 28399K, committed 28736K, reserved 1081344K
  class space    used 3712K, committed 3904K, reserved 1048576K
}
Event: 15.698 GC heap before
{Heap before GC invocations=8 (full 0):
 garbage-first heap   total 51200K, used 37251K [0x000000008ac00000, 0x0000000100000000)
  region size 1024K, 21 young (21504K), 3 survivors (3072K)
 Metaspace       used 30418K, committed 30784K, reserved 1081344K
  class space    used 4029K, committed 4224K, reserved 1048576K
}
Event: 15.712 GC heap after
{Heap after GC invocations=9 (full 0):
 garbage-first heap   total 51200K, used 21186K [0x000000008ac00000, 0x0000000100000000)
  region size 1024K, 3 young (3072K), 3 survivors (3072K)
 Metaspace       used 30418K, committed 30784K, reserved 1081344K
  class space    used 4029K, committed 4224K, reserved 1048576K
}
Event: 17.562 GC heap before
{Heap before GC invocations=9 (full 0):
 garbage-first heap   total 51200K, used 38594K [0x000000008ac00000, 0x0000000100000000)
  region size 1024K, 20 young (20480K), 3 survivors (3072K)
 Metaspace       used 33094K, committed 33536K, reserved 1081344K
  class space    used 4401K, committed 4608K, reserved 1048576K
}
Event: 17.586 GC heap after
{Heap after GC invocations=10 (full 0):
 garbage-first heap   total 51200K, used 22927K [0x000000008ac00000, 0x0000000100000000)
  region size 1024K, 3 young (3072K), 3 survivors (3072K)
 Metaspace       used 33094K, committed 33536K, reserved 1081344K
  class space    used 4401K, committed 4608K, reserved 1048576K
}
Event: 19.510 GC heap before
{Heap before GC invocations=10 (full 0):
 garbage-first heap   total 51200K, used 33167K [0x000000008ac00000, 0x0000000100000000)
  region size 1024K, 15 young (15360K), 3 survivors (3072K)
 Metaspace       used 35793K, committed 36160K, reserved 1081344K
  class space    used 4681K, committed 4864K, reserved 1048576K
}
Event: 19.524 GC heap after
{Heap after GC invocations=11 (full 0):
 garbage-first heap   total 61440K, used 24280K [0x000000008ac00000, 0x0000000100000000)
  region size 1024K, 2 young (2048K), 2 survivors (2048K)
 Metaspace       used 35793K, committed 36160K, reserved 1081344K
  class space    used 4681K, committed 4864K, reserved 1048576K
}
Event: 22.570 GC heap before
{Heap before GC invocations=12 (full 0):
 garbage-first heap   total 61440K, used 45784K [0x000000008ac00000, 0x0000000100000000)
  region size 1024K, 24 young (24576K), 2 survivors (2048K)
 Metaspace       used 40140K, committed 40576K, reserved 1089536K
  class space    used 5219K, committed 5440K, reserved 1048576K
}
Event: 22.583 GC heap after
{Heap after GC invocations=13 (full 0):
 garbage-first heap   total 61440K, used 25582K [0x000000008ac00000, 0x0000000100000000)
  region size 1024K, 3 young (3072K), 3 survivors (3072K)
 Metaspace       used 40140K, committed 40576K, reserved 1089536K
  class space    used 5219K, committed 5440K, reserved 1048576K
}

Deoptimization events (20 events):
Event: 23.682 Thread 0x000001ad36c35a70 Uncommon trap: trap_request=0xffffff45 fr.pc=0x000001ad45fdf2d4 relative=0x0000000000000574
Event: 23.682 Thread 0x000001ad36c35a70 Uncommon trap: reason=unstable_if action=reinterpret pc=0x000001ad45fdf2d4 method=java.util.zip.ZipCoder.hash(Ljava/lang/String;)I @ 11 c2
Event: 23.682 Thread 0x000001ad36c35a70 DEOPT PACKING pc=0x000001ad45fdf2d4 sp=0x00000048cdafb700
Event: 23.682 Thread 0x000001ad36c35a70 DEOPT UNPACKING pc=0x000001ad3e4c23a3 sp=0x00000048cdafb620 mode 2
Event: 23.682 Thread 0x000001ad36c35a70 Uncommon trap: trap_request=0xffffff45 fr.pc=0x000001ad45fe1510 relative=0x00000000000001f0
Event: 23.682 Thread 0x000001ad36c35a70 Uncommon trap: reason=unstable_if action=reinterpret pc=0x000001ad45fe1510 method=java.util.zip.ZipCoder.hash(Ljava/lang/String;)I @ 11 c2
Event: 23.682 Thread 0x000001ad36c35a70 DEOPT PACKING pc=0x000001ad45fe1510 sp=0x00000048cdafb670
Event: 23.682 Thread 0x000001ad36c35a70 DEOPT UNPACKING pc=0x000001ad3e4c23a3 sp=0x00000048cdafb610 mode 2
Event: 23.682 Thread 0x000001ad36c35a70 Uncommon trap: trap_request=0xffffff45 fr.pc=0x000001ad4607d8f8 relative=0x0000000000001b98
Event: 23.682 Thread 0x000001ad36c35a70 Uncommon trap: reason=unstable_if action=reinterpret pc=0x000001ad4607d8f8 method=java.net.URL.<init>(Ljava/net/URL;Ljava/lang/String;Ljava/net/URLStreamHandler;)V @ 57 c2
Event: 23.683 Thread 0x000001ad36c35a70 DEOPT PACKING pc=0x000001ad4607d8f8 sp=0x00000048cdafb720
Event: 23.683 Thread 0x000001ad36c35a70 DEOPT UNPACKING pc=0x000001ad3e4c23a3 sp=0x00000048cdafb6e0 mode 2
Event: 23.683 Thread 0x000001ad36c35a70 Uncommon trap: trap_request=0xffffff45 fr.pc=0x000001ad4611b594 relative=0x0000000000000a94
Event: 23.683 Thread 0x000001ad36c35a70 Uncommon trap: reason=unstable_if action=reinterpret pc=0x000001ad4611b594 method=java.io.WinNTFileSystem.resolve(Ljava/lang/String;Ljava/lang/String;)Ljava/lang/String; @ 19 c2
Event: 23.683 Thread 0x000001ad36c35a70 DEOPT PACKING pc=0x000001ad4611b594 sp=0x00000048cdafb690
Event: 23.683 Thread 0x000001ad36c35a70 DEOPT UNPACKING pc=0x000001ad3e4c23a3 sp=0x00000048cdafb638 mode 2
Event: 25.156 Thread 0x000001ad36c35a70 Uncommon trap: trap_request=0xffffff45 fr.pc=0x000001ad4602a480 relative=0x00000000000000e0
Event: 25.156 Thread 0x000001ad36c35a70 Uncommon trap: reason=unstable_if action=reinterpret pc=0x000001ad4602a480 method=java.lang.ClassLoader.getClassLoadingLock(Ljava/lang/String;)Ljava/lang/Object; @ 6 c2
Event: 25.156 Thread 0x000001ad36c35a70 DEOPT PACKING pc=0x000001ad4602a480 sp=0x00000048cdafaa80
Event: 25.156 Thread 0x000001ad36c35a70 DEOPT UNPACKING pc=0x000001ad3e4c23a3 sp=0x00000048cdafaa20 mode 2

Classes unloaded (0 events):
No events

Classes redefined (0 events):
No events

Internal exceptions (20 events):
Event: 16.312 Thread 0x000001ad36c35a70 Exception <a 'java/lang/NoClassDefFoundError'{0x000000008d744ab8}: org/flywaydb/core/Flyway> (0x000000008d744ab8) 
thrown [s\open\src\hotspot\share\classfile\systemDictionary.cpp, line 245]
Event: 16.314 Thread 0x000001ad36c35a70 Exception <a 'java/lang/NoClassDefFoundError'{0x000000008d747350}: liquibase/integration/spring/SpringLiquibase> (0x000000008d747350) 
thrown [s\open\src\hotspot\share\classfile\systemDictionary.cpp, line 245]
Event: 16.511 Thread 0x000001ad36c35a70 Exception <a 'java/lang/NoClassDefFoundError'{0x000000008d4ea440}: org/jooq/DSLContext> (0x000000008d4ea440) 
thrown [s\open\src\hotspot\share\classfile\systemDictionary.cpp, line 245]
Event: 16.517 Thread 0x000001ad36c35a70 Exception <a 'java/lang/NoClassDefFoundError'{0x000000008d4ff1b8}: org/springframework/batch/core/repository/JobRepository> (0x000000008d4ff1b8) 
thrown [s\open\src\hotspot\share\classfile\systemDictionary.cpp, line 245]
Event: 16.517 Thread 0x000001ad36c35a70 Exception <a 'java/lang/NoClassDefFoundError'{0x000000008d301bb8}: org/quartz/Scheduler> (0x000000008d301bb8) 
thrown [s\open\src\hotspot\share\classfile\systemDictionary.cpp, line 245]
Event: 16.518 Thread 0x000001ad36c35a70 Exception <a 'java/lang/NoClassDefFoundError'{0x000000008d3046f8}: org/springframework/session/jdbc/JdbcIndexedSessionRepository> (0x000000008d3046f8) 
thrown [s\open\src\hotspot\share\classfile\systemDictionary.cpp, line 245]
Event: 18.122 Thread 0x000001ad36c35a70 Exception <a 'java/lang/ArrayIndexOutOfBoundsException'{0x00000000912d2b98}: Index 28 out of bounds for length 28> (0x00000000912d2b98) 
thrown [s\open\src\hotspot\share\interpreter\interpreterRuntime.cpp, line 428]
Event: 18.133 Thread 0x000001ad36c35a70 Exception <a 'java/lang/ArrayIndexOutOfBoundsException'{0x00000000912e8d98}: Index 28 out of bounds for length 28> (0x00000000912e8d98) 
thrown [s\open\src\hotspot\share\interpreter\interpreterRuntime.cpp, line 428]
Event: 18.805 Thread 0x000001ad36c35a70 Exception <a 'java/lang/ArrayIndexOutOfBoundsException'{0x000000008d7254d8}: Index 21 out of bounds for length 21> (0x000000008d7254d8) 
thrown [s\open\src\hotspot\share\interpreter\interpreterRuntime.cpp, line 428]
Event: 18.805 Thread 0x000001ad36c35a70 Exception <a 'java/lang/ArrayIndexOutOfBoundsException'{0x000000008d726298}: Index 21 out of bounds for length 21> (0x000000008d726298) 
thrown [s\open\src\hotspot\share\interpreter\interpreterRuntime.cpp, line 428]
Event: 19.596 Thread 0x000001ad36c35a70 Exception <a 'java/lang/NoSuchMethodError'{0x000000009213b048}: 'java.lang.Object java.lang.invoke.DirectMethodHandle$Holder.invokeSpecialIFC(java.lang.Object, java.lang.Object, java.lang.Object)'> (0x000000009213b048) 
thrown [s\open\src\hotspot\share\interpreter\linkResolver.cpp, line 759]
Event: 19.733 Thread 0x000001ad36c35a70 Implicit null exception at 0x000001ad46121ca6 to 0x000001ad4612268c
Event: 20.363 Thread 0x000001ad36c35a70 Implicit null exception at 0x000001ad460fc393 to 0x000001ad460fc5b0
Event: 20.384 Thread 0x000001ad36c35a70 Exception <a 'sun/nio/fs/WindowsException'{0x000000008dde6850}> (0x000000008dde6850) 
thrown [s\open\src\hotspot\share\prims\jni.cpp, line 516]
Event: 20.394 Thread 0x000001ad36c35a70 Exception <a 'sun/nio/fs/WindowsException'{0x000000008ddec9e0}> (0x000000008ddec9e0) 
thrown [s\open\src\hotspot\share\prims\jni.cpp, line 516]
Event: 21.792 Thread 0x000001ad36c35a70 Exception <a 'java/lang/NoSuchMethodError'{0x000000008d796410}: 'void java.lang.invoke.DirectMethodHandle$Holder.invokeStaticInit(java.lang.Object, java.lang.Object, java.lang.Object, java.lang.Object, java.lang.Object)'> (0x000000008d796410) 
thrown [s\open\src\hotspot\share\interpreter\linkResolver.cpp, line 759]
Event: 23.405 Thread 0x000001ad36c35a70 Implicit null exception at 0x000001ad4617e413 to 0x000001ad4617e55c
Event: 23.541 Thread 0x000001ad36c35a70 Exception <a 'java/lang/NoSuchMethodError'{0x0000000091193dd0}: 'java.lang.Object java.lang.invoke.DirectMethodHandle$Holder.invokeStaticInit(java.lang.Object, java.lang.Object, java.lang.Object, java.lang.Object)'> (0x0000000091193dd0) 
thrown [s\open\src\hotspot\share\interpreter\linkResolver.cpp, line 759]
Event: 25.385 Thread 0x000001ad36c35a70 Exception <a 'java/lang/NoSuchMethodError'{0x000000008dab81e8}: 'java.lang.Object java.lang.invoke.DirectMethodHandle$Holder.invokeStaticInit(java.lang.Object, int, int, int, int)'> (0x000000008dab81e8) 
thrown [s\open\src\hotspot\share\interpreter\linkResolver.cpp, line 759]
Event: 25.825 Thread 0x000001ad36c35a70 Exception <a 'java/lang/NoSuchMethodError'{0x000000008d99e3d0}: 'java.lang.Object java.lang.invoke.DirectMethodHandle$Holder.invokeStaticInit(java.lang.Object, java.lang.Object, int, int, int, int)'> (0x000000008d99e3d0) 
thrown [s\open\src\hotspot\share\interpreter\linkResolver.cpp, line 759]

VM Operations (20 events):
Event: 21.800 Executing VM operation: HandshakeAllThreads
Event: 21.800 Executing VM operation: HandshakeAllThreads done
Event: 21.800 Executing VM operation: Cleanup
Event: 21.800 Executing VM operation: Cleanup done
Event: 22.570 Executing VM operation: G1CollectForAllocation
Event: 22.583 Executing VM operation: G1CollectForAllocation done
Event: 23.597 Executing VM operation: Cleanup
Event: 23.597 Executing VM operation: Cleanup done
Event: 23.765 Executing VM operation: HandshakeAllThreads
Event: 23.766 Executing VM operation: HandshakeAllThreads done
Event: 24.447 Executing VM operation: HandshakeAllThreads
Event: 24.447 Executing VM operation: HandshakeAllThreads done
Event: 24.447 Executing VM operation: HandshakeAllThreads
Event: 24.448 Executing VM operation: HandshakeAllThreads done
Event: 24.509 Executing VM operation: HandshakeAllThreads
Event: 24.509 Executing VM operation: HandshakeAllThreads done
Event: 25.434 Executing VM operation: HandshakeAllThreads
Event: 25.434 Executing VM operation: HandshakeAllThreads done
Event: 25.435 Executing VM operation: Cleanup
Event: 25.435 Executing VM operation: Cleanup done

Events (20 events):
Event: 25.383 loading class sun/security/provider/AbstractHashDrbg done
Event: 25.383 loading class sun/security/provider/HashDrbg done
Event: 25.383 loading class sun/security/provider/EntropySource
Event: 25.383 loading class sun/security/provider/EntropySource done
Event: 25.387 loading class java/security/DrbgParameters$NextBytes
Event: 25.387 loading class java/security/DrbgParameters$NextBytes done
Event: 25.387 loading class sun/security/provider/AbstractDrbg$SeederHolder
Event: 25.387 loading class sun/security/provider/AbstractDrbg$SeederHolder done
Event: 25.387 loading class sun/security/provider/SeedGenerator
Event: 25.388 loading class sun/security/provider/SeedGenerator done
Event: 25.388 loading class sun/security/provider/NativeSeedGenerator
Event: 25.388 loading class sun/security/provider/NativeSeedGenerator done
Event: 25.408 loading class sun/security/provider/SHA
Event: 25.408 loading class sun/security/provider/SHA done
Event: 25.409 loading class sun/security/provider/SeedGenerator$1
Event: 25.410 loading class sun/security/provider/SeedGenerator$1 done
Event: 25.524 loading class java/net/NetworkInterface$1
Event: 25.525 loading class java/net/NetworkInterface$1 done
Event: 25.915 loading class sun/security/provider/AbstractDrbg$NonceProvider
Event: 25.924 loading class sun/security/provider/AbstractDrbg$NonceProvider done


Dynamic libraries:
0x00007ff77e040000 - 0x00007ff77e050000 	C:\Program Files\Java\jdk-17.0.5\bin\java.exe
0x00007ff8fba90000 - 0x00007ff8fbca7000 	C:\WINDOWS\SYSTEM32\ntdll.dll
0x00007ff8f97a0000 - 0x00007ff8f9864000 	C:\WINDOWS\System32\KERNEL32.DLL
0x00007ff8f9050000 - 0x00007ff8f940a000 	C:\WINDOWS\System32\KERNELBASE.dll
0x00007ff8f8d70000 - 0x00007ff8f8e81000 	C:\WINDOWS\System32\ucrtbase.dll
0x00007ff8d6da0000 - 0x00007ff8d6db8000 	C:\Program Files\Java\jdk-17.0.5\bin\jli.dll
0x00007ff8fb520000 - 0x00007ff8fb5d2000 	C:\WINDOWS\System32\ADVAPI32.dll
0x00007ff8fb250000 - 0x00007ff8fb2f7000 	C:\WINDOWS\System32\msvcrt.dll
0x00007ff8fb120000 - 0x00007ff8fb1c7000 	C:\WINDOWS\System32\sechost.dll
0x00007ff8f9580000 - 0x00007ff8f95a8000 	C:\WINDOWS\System32\bcrypt.dll
0x00007ff8fb790000 - 0x00007ff8fb8a4000 	C:\WINDOWS\System32\RPCRT4.dll
0x00007ff8fb5e0000 - 0x00007ff8fb78e000 	C:\WINDOWS\System32\USER32.dll
0x00007ff8f9410000 - 0x00007ff8f9436000 	C:\WINDOWS\System32\win32u.dll
0x00007ff8f9870000 - 0x00007ff8f9899000 	C:\WINDOWS\System32\GDI32.dll
0x00007ff8f8e90000 - 0x00007ff8f8fab000 	C:\WINDOWS\System32\gdi32full.dll
0x00007ff8f8fb0000 - 0x00007ff8f904a000 	C:\WINDOWS\System32\msvcp_win.dll
0x00007ff8cd600000 - 0x00007ff8cd61a000 	C:\Program Files\Java\jdk-17.0.5\bin\VCRUNTIME140.dll
0x00007ff8eeef0000 - 0x00007ff8ef182000 	C:\WINDOWS\WinSxS\amd64_microsoft.windows.common-controls_6595b64144ccf1df_6.0.22621.4541_none_2710d1c57384c085\COMCTL32.dll
0x00007ff8f0140000 - 0x00007ff8f014a000 	C:\WINDOWS\SYSTEM32\VERSION.dll
0x00007ff8fb950000 - 0x00007ff8fb981000 	C:\WINDOWS\System32\IMM32.DLL
0x00007ff8d7d30000 - 0x00007ff8d7e91000 	C:\Program Files (x86)\Citrix\ICA Client\ctxapclient64.dll
0x00007ff8fa260000 - 0x00007ff8fa5ef000 	C:\WINDOWS\System32\combase.dll
0x00007ff8f7f30000 - 0x00007ff8f7f64000 	C:\WINDOWS\SYSTEM32\ntmarta.dll
0x00007ff8f9720000 - 0x00007ff8f979b000 	C:\WINDOWS\System32\bcryptprimitives.dll
0x00007ff8df6a0000 - 0x00007ff8df6da000 	C:\Program Files (x86)\Citrix\ICA Client\Receiver\FeatureFlagHelper64.dll
0x00007ff8e68b0000 - 0x00007ff8e68bc000 	C:\Program Files\Java\jdk-17.0.5\bin\vcruntime140_1.dll
0x00007ff887bf0000 - 0x00007ff887c7d000 	C:\Program Files\Java\jdk-17.0.5\bin\msvcp140.dll
0x00007ff834370000 - 0x00007ff834f32000 	C:\Program Files\Java\jdk-17.0.5\bin\server\jvm.dll
0x00007ff8fa7a0000 - 0x00007ff8fa7a8000 	C:\WINDOWS\System32\PSAPI.DLL
0x00007ff8e9fb0000 - 0x00007ff8e9fb9000 	C:\WINDOWS\SYSTEM32\WSOCK32.dll
0x00007ff8fb1d0000 - 0x00007ff8fb241000 	C:\WINDOWS\System32\WS2_32.dll
0x00007ff8f1270000 - 0x00007ff8f12a4000 	C:\WINDOWS\SYSTEM32\WINMM.dll
0x00007ff8f7e20000 - 0x00007ff8f7e38000 	C:\WINDOWS\SYSTEM32\kernel.appcore.dll
0x00007ff8e1e00000 - 0x00007ff8e1e0a000 	C:\Program Files\Java\jdk-17.0.5\bin\jimage.dll
0x00007ff8ef3f0000 - 0x00007ff8ef622000 	C:\WINDOWS\SYSTEM32\DBGHELP.DLL
0x00007ff8fb040000 - 0x00007ff8fb117000 	C:\WINDOWS\System32\OLEAUT32.dll
0x00007ff8e2610000 - 0x00007ff8e2642000 	C:\WINDOWS\SYSTEM32\dbgcore.DLL
0x00007ff8cd5d0000 - 0x00007ff8cd5f5000 	C:\Program Files\Java\jdk-17.0.5\bin\java.dll
0x00007ff8875e0000 - 0x00007ff8876b6000 	C:\Program Files\Java\jdk-17.0.5\bin\jsvml.dll
0x00007ff8fa7b0000 - 0x00007ff8fb028000 	C:\WINDOWS\System32\SHELL32.dll
0x00007ff8f6cb0000 - 0x00007ff8f75b8000 	C:\WINDOWS\SYSTEM32\windows.storage.dll
0x00007ff8f6b70000 - 0x00007ff8f6caf000 	C:\WINDOWS\SYSTEM32\wintypes.dll
0x00007ff8fb320000 - 0x00007ff8fb41a000 	C:\WINDOWS\System32\SHCORE.dll
0x000001ad36b10000 - 0x000001ad36b6e000 	C:\WINDOWS\System32\shlwapi.dll
0x00007ff8f8ca0000 - 0x00007ff8f8ccb000 	C:\WINDOWS\SYSTEM32\profapi.dll
0x00007ff8af320000 - 0x00007ff8af339000 	C:\Program Files\Java\jdk-17.0.5\bin\net.dll
0x00007ff8f3460000 - 0x00007ff8f3596000 	C:\WINDOWS\SYSTEM32\WINHTTP.dll
0x00007ff8f82a0000 - 0x00007ff8f8309000 	C:\WINDOWS\system32\mswsock.dll
0x00007ff8aebb0000 - 0x00007ff8aebc6000 	C:\Program Files\Java\jdk-17.0.5\bin\nio.dll
0x00007ff8aeb90000 - 0x00007ff8aeba8000 	C:\Program Files\Java\jdk-17.0.5\bin\zip.dll
0x00007ff8f4110000 - 0x00007ff8f4119000 	C:\Program Files\Java\jdk-17.0.5\bin\management.dll
0x00007ff8ea580000 - 0x00007ff8ea58b000 	C:\Program Files\Java\jdk-17.0.5\bin\management_ext.dll
0x00007ff8ea150000 - 0x00007ff8ea15e000 	C:\Program Files\Java\jdk-17.0.5\bin\sunmscapi.dll
0x00007ff8f95b0000 - 0x00007ff8f9716000 	C:\WINDOWS\System32\CRYPT32.dll
0x00007ff8f8710000 - 0x00007ff8f873d000 	C:\WINDOWS\SYSTEM32\ncrypt.dll
0x00007ff8f86d0000 - 0x00007ff8f8707000 	C:\WINDOWS\SYSTEM32\NTASN1.dll
0x00007ff8f8500000 - 0x00007ff8f851b000 	C:\WINDOWS\SYSTEM32\CRYPTSP.dll
0x00007ff8f7d80000 - 0x00007ff8f7db5000 	C:\WINDOWS\system32\rsaenh.dll
0x00007ff8f8390000 - 0x00007ff8f83b8000 	C:\WINDOWS\SYSTEM32\USERENV.dll
0x00007ff8f84f0000 - 0x00007ff8f84fc000 	C:\WINDOWS\SYSTEM32\CRYPTBASE.dll
0x00007ff8f7810000 - 0x00007ff8f783d000 	C:\WINDOWS\SYSTEM32\IPHLPAPI.DLL
0x00007ff8fb030000 - 0x00007ff8fb039000 	C:\WINDOWS\System32\NSI.dll
0x00007ff8f1f10000 - 0x00007ff8f1f29000 	C:\WINDOWS\SYSTEM32\dhcpcsvc6.DLL
0x00007ff8f1e70000 - 0x00007ff8f1e8f000 	C:\WINDOWS\SYSTEM32\dhcpcsvc.DLL
0x00007ff8f7840000 - 0x00007ff8f7942000 	C:\WINDOWS\SYSTEM32\DNSAPI.dll

dbghelp: loaded successfully - version: 4.0.5 - missing functions: none
symbol engine: initialized successfully - sym options: 0x614 - pdb path: .;C:\Program Files\Java\jdk-17.0.5\bin;C:\WINDOWS\SYSTEM32;C:\WINDOWS\WinSxS\amd64_microsoft.windows.common-controls_6595b64144ccf1df_6.0.22621.4541_none_2710d1c57384c085;C:\Program Files (x86)\Citrix\ICA Client;C:\Program Files (x86)\Citrix\ICA Client\Receiver;C:\Program Files\Java\jdk-17.0.5\bin\server

VM Arguments:
java_command: C:\Users\henei\AppData\Local\Temp\surefire15055539064540533057\surefirebooter-20241204142536034_3.jar C:\Users\henei\AppData\Local\Temp\surefire15055539064540533057 2024-12-04T14-25-35_379-jvmRun1 surefire-20241204142536034_1tmp surefire_0-20241204142536034_2tmp
java_class_path (initial): C:\Users\henei\AppData\Local\Temp\surefire15055539064540533057\surefirebooter-20241204142536034_3.jar
Launcher Type: SUN_STANDARD

[Global flags]
     intx CICompilerCount                          = 4                                         {product} {ergonomic}
     uint ConcGCThreads                            = 2                                         {product} {ergonomic}
     uint G1ConcRefinementThreads                  = 8                                         {product} {ergonomic}
   size_t G1HeapRegionSize                         = 1048576                                   {product} {ergonomic}
    uintx GCDrainStackTargetSize                   = 64                                        {product} {ergonomic}
   size_t InitialHeapSize                          = 123731968                                 {product} {ergonomic}
   size_t MarkStackSize                            = 4194304                                   {product} {ergonomic}
   size_t MaxHeapSize                              = 1967128576                                {product} {ergonomic}
   size_t MaxNewSize                               = 1179648000                                {product} {ergonomic}
   size_t MinHeapDeltaBytes                        = 1048576                                   {product} {ergonomic}
   size_t MinHeapSize                              = 8388608                                   {product} {ergonomic}
    uintx NonNMethodCodeHeapSize                   = 5839372                                {pd product} {ergonomic}
    uintx NonProfiledCodeHeapSize                  = 122909434                              {pd product} {ergonomic}
    uintx ProfiledCodeHeapSize                     = 122909434                              {pd product} {ergonomic}
    uintx ReservedCodeCacheSize                    = 251658240                              {pd product} {ergonomic}
     bool SegmentedCodeCache                       = true                                      {product} {ergonomic}
   size_t SoftMaxHeapSize                          = 1967128576                             {manageable} {ergonomic}
     bool UseCompressedClassPointers               = true                           {product lp64_product} {ergonomic}
     bool UseCompressedOops                        = true                           {product lp64_product} {ergonomic}
     bool UseG1GC                                  = true                                      {product} {ergonomic}
     bool UseLargePagesIndividualAllocation        = false                                  {pd product} {ergonomic}

Logging:
Log output configuration:
 #0: stdout all=warning uptime,level,tags
 #1: stderr all=off uptime,level,tags

Environment Variables:
PATH=C:\Program Files\Common Files\Oracle\Java\javapath;C:\WINDOWS\system32;C:\WINDOWS;C:\WINDOWS\System32\Wbem;C:\WINDOWS\System32\WindowsPowerShell\v1.0\;C:\WINDOWS\System32\OpenSSH\;C:\Program Files\Microsoft SQL Server\Client SDK\ODBC\170\Tools\Binn\;C:\Program Files (x86)\Microsoft SQL Server\150\Tools\Binn\;C:\Program Files\Microsoft SQL Server\150\Tools\Binn\;C:\Program Files\Microsoft SQL Server\150\DTS\Binn\;C:\Program Files (x86)\Microsoft SQL Server\160\DTS\Binn\;C:\Program Files\Azure Data Studio\bin;C:\Program Files\nodejs\;C:\Program Files\PuTTY\;C:\Program Files\HP\HP One Agent;C:\Program Files\Git\cmd;C:\Python312\Scripts\;C:\Python312\;C:\Users\henei\AppData\Local\Microsoft\WindowsApps;C:\Users\henei\AppData\Local\Programs\Microsoft VS Code\bin;C:\Users\henei\AppData\Roaming\npm
USERNAME=henei
LANG=en_US.UTF-8
OS=Windows_NT
PROCESSOR_IDENTIFIER=AMD64 Family 23 Model 104 Stepping 1, AuthenticAMD



---------------  S Y S T E M  ---------------

OS:
 Windows 11 , 64 bit Build 22621 (10.0.22621.4391)
OS uptime: 2 days 1:47 hours

CPU: total 8 (initial active 8) (8 cores per cpu, 2 threads per core) family 23 model 104 stepping 1 microcode 0x0, cx8, cmov, fxsr, ht, mmx, 3dnowpref, sse, sse2, sse3, ssse3, sse4a, sse4.1, sse4.2, popcnt, lzcnt, tsc, tscinvbit, avx, avx2, aes, clmul, bmi1, bmi2, adx, sha, fma, vzeroupper, clflush, clflushopt

Memory: 4k page, system-wide physical 7502M (4M free)
TotalPageFile size 30030M (AvailPageFile size 0M)
current process WorkingSet (physical memory assigned to process): 199M, peak: 204M
current process commit charge ("private bytes"): 237M, peak: 264M

vm_info: Java HotSpot(TM) 64-Bit Server VM (17.0.5+9-LTS-191) for windows-amd64 JRE (17.0.5+9-LTS-191), built on Sep 13 2022 17:31:43 by "mach5one" with MS VC++ 16.8 / 16.9 (VS2019)

END.
